/COM,ANSYS RELEASE 2021 R2           BUILD 21.2      UP20210601       23:18:40

 *** WARNING ***                         CP =       0.391   TIME= 23:18:44
 Temperature-dependent properties have not been specified.  The          
 THOPT,QUASI option does not perform equilibrium iterations.  Small      
 time steps may be required to obtain accurate results.                  

 *** WARNING ***                         CP =       0.516   TIME= 23:18:44
 Element shape checking is currently inactive.  Issue SHPP,ON or         
 SHPP,WARN to reactivate, if desired.                                    

 *** WARNING ***                         CP =       0.516   TIME= 23:18:44
 Material number 2 (used by element 6778) should normally have at least  
 one MP or one TB type command associated with it.  Output of energy by  
 material may not be available.                                          

 *** WARNING ***                         CP =       2.422   TIME= 23:18:46
 Material number 2 (used by element 6778) should normally have at least  
 one MP or one TB type command associated with it.  Output of energy by  
 material may not be available.                                          

 *** WARNING ***                         CP =       3.406   TIME= 23:18:47
 Material number 2 (used by element 6778) should normally have at least  
 one MP or one TB type command associated with it.  Output of energy by  
 material may not be available.                                          

 *** WARNING ***                         CP =       4.484   TIME= 23:18:48
 Material number 2 (used by element 6778) should normally have at least  
 one MP or one TB type command associated with it.  Output of energy by  
 material may not be available.                                          

 *** WARNING ***                         CP =       5.500   TIME= 23:18:49
 Material number 2 (used by element 6778) should normally have at least  
 one MP or one TB type command associated with it.  Output of energy by  
 material may not be available.                                          
