
 Ansys Mechanical Enterprise Academic Student      


 *------------------------------------------------------------------*
 |                                                                  |
 |   W E L C O M E   T O   T H E   A N S Y S (R)  P R O G R A M     |
 |                                                                  |
 *------------------------------------------------------------------*




 ***************************************************************
 *            ANSYS 2021 R2          LEGAL NOTICES             *
 ***************************************************************
 *                                                             *
 * Copyright 1971-2021 ANSYS, Inc.  All rights reserved.       *
 * Unauthorized use, distribution or duplication is            *
 * prohibited.                                                 *
 *                                                             *
 * Ansys is a registered trademark of ANSYS, Inc. or its       *
 * subsidiaries in the United States or other countries.       *
 * See the ANSYS, Inc. online documentation or the ANSYS, Inc. *
 * documentation CD or online help for the complete Legal      *
 * Notice.                                                     *
 *                                                             *
 ***************************************************************
 *                                                             *
 * THIS ANSYS SOFTWARE PRODUCT AND PROGRAM DOCUMENTATION       *
 * INCLUDE TRADE SECRETS AND CONFIDENTIAL AND PROPRIETARY      *
 * PRODUCTS OF ANSYS, INC., ITS SUBSIDIARIES, OR LICENSORS.    *
 * The software products and documentation are furnished by    *
 * ANSYS, Inc. or its subsidiaries under a software license    *
 * agreement that contains provisions concerning               *
 * non-disclosure, copying, length and nature of use,          *
 * compliance with exporting laws, warranties, disclaimers,    *
 * limitations of liability, and remedies, and other           *
 * provisions.  The software products and documentation may be *
 * used, disclosed, transferred, or copied only in accordance  *
 * with the terms and conditions of that software license      *
 * agreement.                                                  *
 *                                                             *
 * ANSYS, Inc. is a UL registered                              *
 * ISO 9001:2015 company.                                      *
 *                                                             *
 ***************************************************************
 *                                                             *
 * This product is subject to U.S. laws governing export and   *
 * re-export.                                                  *
 *                                                             *
 * For U.S. Government users, except as specifically granted   *
 * by the ANSYS, Inc. software license agreement, the use,     *
 * duplication, or disclosure by the United States Government  *
 * is subject to restrictions stated in the ANSYS, Inc.        *
 * software license agreement and FAR 12.212 (for non-DOD      *
 * licenses).                                                  *
 *                                                             *
 ***************************************************************

 2021 R2 
     
 Point Releases and Patches installed:   
     
 Academic Student 2021 R2
 Aqwa 2021 R2
 EnSight 2021 R2 
 FENSAP-ICE 2021 R2  


          *****  ANSYS COMMAND LINE ARGUMENTS  *****
  BATCH MODE REQUESTED (-b)    = NOLIST
  INPUT FILE COPY MODE (-c)    = COPY
  DISTRIBUTED MEMORY PARALLEL REQUESTED
       4 PARALLEL PROCESSES REQUESTED WITH SINGLE THREAD PER PROCESS
    TOTAL OF     4 CORES REQUESTED
  INPUT FILE NAME              = C:\Users\CJ\PycharmProjects\DesignOptimization2021Fall\Project\Project 2 Ansys\_ProjectScratch\Scr0994\dummy.dat
  OUTPUT FILE NAME             = C:\Users\CJ\PycharmProjects\DesignOptimization2021Fall\Project\Project 2 Ansys\_ProjectScratch\Scr0994\solve.out
  START-UP FILE MODE           = NOREAD
  STOP FILE MODE               = NOREAD

 RELEASE= 2021 R2              BUILD= 21.2      UP20210601   VERSION=WINDOWS x64 
 CURRENT JOBNAME=file0  23:06:20  NOV 17, 2021 CP=      0.141


 PARAMETER _DS_PROGRESS =     999.0000000    

 /INPUT FILE= ds.dat  LINE=       0



 *** NOTE ***                            CP =       0.234   TIME= 23:06:20
 The /CONFIG,NOELDB command is not valid in a Distributed ANSYS          
 solution.  Command is ignored.                                          

 *GET  _WALLSTRT  FROM  ACTI  ITEM=TIME WALL  VALUE=  23.1055556    

 TITLE= 
 Project 2_dp1--Transient Thermal (D5)                                         

  ACT Extensions:
      LSDYNA, 2021.1
      5f463412-bd3e-484b-87e7-cbc0a665e474, wbex
  

 SET PARAMETER DIMENSIONS ON  _WB_PROJECTSCRATCH_DIR
  TYPE=STRI  DIMENSIONS=      248        1        1

 PARAMETER _WB_PROJECTSCRATCH_DIR(1) = C:\Users\CJ\PycharmProjects\DesignOptimization2021Fall\Project\Project 2 Ansys\_ProjectScratch\Scr0994\

 SET PARAMETER DIMENSIONS ON  _WB_SOLVERFILES_DIR
  TYPE=STRI  DIMENSIONS=      248        1        1

 PARAMETER _WB_SOLVERFILES_DIR(1) = C:\Users\CJ\PycharmProjects\DesignOptimization2021Fall\Project\Project 2 Ansys\Project 2_dp1_files\dp1\SYS-2\MECH\

 SET PARAMETER DIMENSIONS ON  _WB_USERFILES_DIR
  TYPE=STRI  DIMENSIONS=      248        1        1

 PARAMETER _WB_USERFILES_DIR(1) = C:\Users\CJ\PycharmProjects\DesignOptimization2021Fall\Project\Project 2 Ansys\Project 2_dp1_files\user_files\
 --- Data in consistent NMM units. See Solving Units in the help system for more

 MPA UNITS SPECIFIED FOR INTERNAL    
  LENGTH      = MILLIMETERS (mm)
  MASS        = TONNE (Mg)
  TIME        = SECONDS (sec)
  TEMPERATURE = CELSIUS (C)
  TOFFSET     = 273.0
  FORCE       = NEWTON (N)
  HEAT        = MILLIJOULES (mJ)

 INPUT  UNITS ARE ALSO SET TO MPA 

 *** ANSYS - ENGINEERING ANALYSIS SYSTEM  RELEASE 2021 R2          21.2     ***
 DISTRIBUTED Ansys Mechanical Enterprise Academic Student      

 00000000  VERSION=WINDOWS x64   23:06:20  NOV 17, 2021 CP=      0.234

 Project 2_dp1--Transient Thermal (D5)                                         



          ***** ANSYS ANALYSIS DEFINITION (PREP7) *****
 *********** Nodes for the whole assembly ***********
 *********** Elements for Body 1 "Solid" ***********
 *********** Send User Defined Coordinate System(s) ***********
 *********** Send Materials ***********
 *********** Create "Heat Flux" ***********
 *********** Create "Heat Flux 2" ***********
 *********** Create "Convection" ***********
 ***************** Define Uniform Initial temperature ***************


 ***** ROUTINE COMPLETED *****  CP =         0.359


 --- Number of total nodes = 8546
 --- Number of contact elements = 3126
 --- Number of spring elements = 0
 --- Number of bearing elements = 0
 --- Number of solid elements = 4295
 --- Number of condensed parts = 0
 --- Number of total elements = 7421

 *GET  _WALLBSOL  FROM  ACTI  ITEM=TIME WALL  VALUE=  23.1055556    
 ****************************************************************************
 *************************    SOLUTION       ********************************
 ****************************************************************************

 *****  ANSYS SOLUTION ROUTINE  *****


 PERFORM A TRANSIENT ANALYSIS
  THIS WILL BE A NEW ANALYSIS

 STEP BOUNDARY CONDITION KEY= 1

 CONTACT INFORMATION PRINTOUT LEVEL       1

 DO NOT SAVE ANY RESTART FILES AT ALL

 DO NOT COMBINE ELEMENT MATRIX FILES (.emat) AFTER DISTRIBUTED PARALLEL SOLUTION

 DO NOT COMBINE ELEMENT SAVE DATA FILES (.esav) AFTER DISTRIBUTED PARALLEL SOLUTION

 Use Quasi-Linear Thermal Transient Solution
   Tolerance for Reform of Thermal Matrix=     0.050
   ***** Fast Property Table Information *****
    Number of entries per property=    64
    Minimum temperature =      0.00
    Maximum temperature =   1000.00
  Enable multipass algorithm

 *** WARNING ***                         CP =       0.422   TIME= 23:06:20
 Temperature-dependent properties have not been specified.  The          
 THOPT,QUASI option does not perform equilibrium iterations.  Small      
 time steps may be required to obtain accurate results.                  

 NLHIST: ADDED NODAL RESULTS HISTORY FOR:
       NAME = MAX_TEMP                        
  ITEM/COMP = TEMPMAX 
       NODE =         0

 NLHIST: ADDED NODAL RESULTS HISTORY FOR:
       NAME = MIN_TEMP                        
  ITEM/COMP = TEMPMIN 
       NODE =         0
 ********* Initial Time Increment Check And Fourier Modulus *********
  Specified Initial Time Increment: 0.01
  Estimated Increment Needed, le*le/alpha, Body 1: 2.01893
 ****************************************************
 ******************* SOLVE FOR LS 1 OF 5 ****************

 SELECT       FOR ITEM=TYPE COMPONENT=    
  IN RANGE         2 TO          2 STEP          1

        239  ELEMENTS (OF       7421  DEFINED) SELECTED BY  ESEL  COMMAND.

 SELECT      ALL NODES HAVING ANY ELEMENT IN ELEMENT SET.

        639 NODES (OF       8546  DEFINED) SELECTED FROM
      239 SELECTED ELEMENTS BY NSLE COMMAND.

 GENERATE SURFACE LOAD HFLU ON SURFACE DEFINED BY ALL SELECTED NODES
 VALUE =   1539.50000    

 NUMBER OF HFLU ELEMENT FACE LOADS STORED =        239

 SELECT       FOR ITEM=TYPE COMPONENT=    
  IN RANGE         3 TO          3 STEP          1

        241  ELEMENTS (OF       7421  DEFINED) SELECTED BY  ESEL  COMMAND.

 SELECT      ALL NODES HAVING ANY ELEMENT IN ELEMENT SET.

        643 NODES (OF       8546  DEFINED) SELECTED FROM
      241 SELECTED ELEMENTS BY NSLE COMMAND.

 GENERATE SURFACE LOAD HFLU ON SURFACE DEFINED BY ALL SELECTED NODES
 VALUE =   1539.50000    

 NUMBER OF HFLU ELEMENT FACE LOADS STORED =        241

 ALL SELECT   FOR ITEM=NODE COMPONENT=    
  IN RANGE         1 TO       8546 STEP          1

       8546  NODES (OF       8546  DEFINED) SELECTED BY NSEL  COMMAND.

 ALL SELECT   FOR ITEM=ELEM COMPONENT=    
  IN RANGE         1 TO      10067 STEP          1

       7421  ELEMENTS (OF       7421  DEFINED) SELECTED BY  ESEL  COMMAND.

 SELECT       FOR ITEM=TYPE COMPONENT=    
  IN RANGE         4 TO          4 STEP          1

       2646  ELEMENTS (OF       7421  DEFINED) SELECTED BY  ESEL  COMMAND.

 SELECT      ALL NODES HAVING ANY ELEMENT IN ELEMENT SET.

       5284 NODES (OF       8546  DEFINED) SELECTED FROM
     2646 SELECTED ELEMENTS BY NSLE COMMAND.

 GENERATE SURFACE LOAD CONV ON SURFACE DEFINED BY ALL SELECTED NODES
 VALUES= 5.000000000E-03  35.0000000    

 NUMBER OF CONV ELEMENT FACE LOADS STORED =       2646

 ALL SELECT   FOR ITEM=NODE COMPONENT=    
  IN RANGE         1 TO       8546 STEP          1

       8546  NODES (OF       8546  DEFINED) SELECTED BY NSEL  COMMAND.

 ALL SELECT   FOR ITEM=ELEM COMPONENT=    
  IN RANGE         1 TO      10067 STEP          1

       7421  ELEMENTS (OF       7421  DEFINED) SELECTED BY  ESEL  COMMAND.

 PRINTOUT RESUMED BY /GOP

 USE AUTOMATIC TIME STEPPING THIS LOAD STEP

 USE     100 SUBSTEPS INITIALLY THIS LOAD STEP FOR ALL  DEGREES OF FREEDOM
 FOR AUTOMATIC TIME STEPPING:
   USE   1000 SUBSTEPS AS A MAXIMUM
   USE     10 SUBSTEPS AS A MINIMUM

 TIME=  1.0000    

 INCLUDE TRANSIENT EFFECTS FOR  ALL DEGREES OF FREEDOM THIS LOAD STEP

 ERASE THE CURRENT DATABASE OUTPUT CONTROL TABLE.


 WRITE ALL  ITEMS TO THE DATABASE WITH A FREQUENCY OF NONE
   FOR ALL APPLICABLE ENTITIES

 WRITE NSOL ITEMS TO THE DATABASE WITH A FREQUENCY OF ALL 
   FOR ALL APPLICABLE ENTITIES

 WRITE RSOL ITEMS TO THE DATABASE WITH A FREQUENCY OF ALL 
   FOR ALL APPLICABLE ENTITIES

 WRITE EANG ITEMS TO THE DATABASE WITH A FREQUENCY OF ALL 
   FOR ALL APPLICABLE ENTITIES

 WRITE VENG ITEMS TO THE DATABASE WITH A FREQUENCY OF ALL 
   FOR ALL APPLICABLE ENTITIES

 WRITE FFLU ITEMS TO THE DATABASE WITH A FREQUENCY OF ALL 
   FOR ALL APPLICABLE ENTITIES

 WRITE CONT ITEMS TO THE DATABASE WITH A FREQUENCY OF ALL 
   FOR ALL APPLICABLE ENTITIES

 PRINTOUT RESUMED BY /GOP

 WRITE MISC ITEMS TO THE DATABASE WITH A FREQUENCY OF ALL 
   FOR THE ENTITIES DEFINED BY COMPONENT _ELMISC 

 CONVERGENCE ON HEAT BASED ON THE NORM OF THE N-R LOAD
   WITH A TOLERANCE OF 0.1000E-02 AND A MINIMUM REFERENCE VALUE OF 0.1000E-02
   USING THE L2 NORM (CHECK THE SRSS VALUE)

 *GET  ANSINTER_  FROM  ACTI  ITEM=INT        VALUE=  0.00000000    

 *IF  ANSINTER_                         ( =   0.00000     )  NE  
      0                                 ( =   0.00000     )  THEN    

 *ENDIF

 *** NOTE ***                            CP =       0.484   TIME= 23:06:20
 The automatic domain decomposition logic has selected the MESH domain   
 decomposition method with 4 processes per solution.                     

 *****  ANSYS SOLVE    COMMAND  *****

 *** WARNING ***                         CP =       0.484   TIME= 23:06:20
 Element shape checking is currently inactive.  Issue SHPP,ON or         
 SHPP,WARN to reactivate, if desired.                                    

 *** NOTE ***                            CP =       0.484   TIME= 23:06:20
 The model data was checked and warning messages were found.             
  Please review output or errors file (                                  
 C:\Users\CJ\PycharmProjects\DesignOptimization2021Fall\Project\Project  
 2 Ansys\_ProjectScratch\Scr0994\file0.err ) for these warning           
 messages.                                                               

 *** ANSYS - ENGINEERING ANALYSIS SYSTEM  RELEASE 2021 R2          21.2     ***
 DISTRIBUTED Ansys Mechanical Enterprise Academic Student      

 00000000  VERSION=WINDOWS x64   23:06:20  NOV 17, 2021 CP=      0.484

 Project 2_dp1--Transient Thermal (D5)                                         



                       S O L U T I O N   O P T I O N S

   PROBLEM DIMENSIONALITY. . . . . . . . . . . . .3-D                  
   DEGREES OF FREEDOM. . . . . . TEMP
   ANALYSIS TYPE . . . . . . . . . . . . . . . . .TRANSIENT            
      SOLUTION METHOD. . . . . . . . . . . . . . .QUASI                
   OFFSET TEMPERATURE FROM ABSOLUTE ZERO . . . . .  273.15    
   GLOBALLY ASSEMBLED MATRIX . . . . . . . . . . .SYMMETRIC  

 *** WARNING ***                         CP =       0.484   TIME= 23:06:20
 Material number 2 (used by element 6942) should normally have at least  
 one MP or one TB type command associated with it.  Output of energy by  
 material may not be available.                                          

 *** NOTE ***                            CP =       0.547   TIME= 23:06:20
 The step data was checked and warning messages were found.              
  Please review output or errors file (                                  
 C:\Users\CJ\PycharmProjects\DesignOptimization2021Fall\Project\Project  
 2 Ansys\_ProjectScratch\Scr0994\file0.err ) for these warning           
 messages.                                                               

 *** NOTE ***                            CP =       0.547   TIME= 23:06:20
 The conditions for direct assembly have been met.  No .emat or .erot    
 files will be produced.                                                 

  
  
     D I S T R I B U T E D   D O M A I N   D E C O M P O S E R
  
  ...Number of elements: 7421
  ...Number of nodes:    8546
  ...Decompose to 4 CPU domains
  ...Element load balance ratio =     1.017


                      L O A D   S T E P   O P T I O N S

   LOAD STEP NUMBER. . . . . . . . . . . . . . . .     1
   TIME AT END OF THE LOAD STEP. . . . . . . . . .  1.0000    
   AUTOMATIC TIME STEPPING . . . . . . . . . . . .    ON
      INITIAL NUMBER OF SUBSTEPS . . . . . . . . .   100
      MAXIMUM NUMBER OF SUBSTEPS . . . . . . . . .  1000
      MINIMUM NUMBER OF SUBSTEPS . . . . . . . . .    10
   STEP CHANGE BOUNDARY CONDITIONS . . . . . . . .   YES
   TRANSIENT (INERTIA) EFFECTS
      THERMAL DOFS . . . . . . . . . . . . . . . .    ON
   TRANSIENT INTEGRATION PARAMETERS
      THETA. . . . . . . . . . . . . . . . . . . .  1.0000    
      OSCILLATION LIMIT CRITERION. . . . . . . . . 0.50000    
      TOLERANCE. . . . . . . . . . . . . . . . . .  0.0000    
   PRINT OUTPUT CONTROLS . . . . . . . . . . . . .NO PRINTOUT
   DATABASE OUTPUT CONTROLS
      ITEM     FREQUENCY   COMPONENT
       ALL       NONE               
      NSOL        ALL               
      RSOL        ALL               
      EANG        ALL               
      VENG        ALL               
      FFLU        ALL               
      CONT        ALL               
      MISC        ALL       _ELMISC 


 SOLUTION MONITORING INFO IS WRITTEN TO FILE= file.mntr                                                                                                                                                                                                                                                           




            **** CENTER OF MASS, MASS, AND MASS MOMENTS OF INERTIA ****

  CALCULATIONS ASSUME ELEMENT MASS AT ELEMENT CENTROID

  TOTAL MASS =  0.57613E-02

                           MOM. OF INERTIA         MOM. OF INERTIA
  CENTER OF MASS            ABOUT ORIGIN        ABOUT CENTER OF MASS

  XC =  0.45033E-03      IXX =    29.35          IXX =    26.18    
  YC =   23.433          IYY =    48.66          IYY =    48.66    
  ZC =  0.16338E-02      IZZ =    29.35          IZZ =    26.18    
                         IXY =   0.8360E-03      IXY =   0.8968E-03
                         IYZ =   0.1629E-02      IYZ =   0.1850E-02
                         IZX =   0.4845E-03      IZX =   0.4845E-03


  *** MASS SUMMARY BY ELEMENT TYPE ***

  TYPE      MASS
     1  0.576132E-02

 Range of element maximum matrix coefficients in global coordinates
 Maximum = 5712.01782 at element 4289.                                   
 Minimum = 5.943543802E-03 at element 8172.                              

   *** ELEMENT MATRIX FORMULATION TIMES
     TYPE    NUMBER   ENAME      TOTAL CP  AVE CP

        1      4295  SOLID291      0.203   0.000047
        2       239  SURF152       0.062   0.000262
        3       241  SURF152       0.000   0.000000
        4      2646  SURF152       0.016   0.000006
 Time at end of element matrix formulation CP = 0.984375.                

 DISTRIBUTED SPARSE MATRIX DIRECT SOLVER.
  Number of equations =        8546,    Maximum wavefront =     77

  Local memory allocated for solver              =      3.734 MB
  Local memory required for in-core solution     =      3.592 MB
  Local memory required for out-of-core solution =      2.486 MB

  Total memory allocated for solver              =     13.616 MB
  Total memory required for in-core solution     =     13.104 MB
  Total memory required for out-of-core solution =      9.330 MB

 *** NOTE ***                            CP =       1.281   TIME= 23:06:20
 The Distributed Sparse Matrix Solver is currently running in the        
 in-core memory mode.  This memory mode uses the most amount of memory   
 in order to avoid using the hard drive as much as possible, which most  
 often results in the fastest solution time.  This mode is recommended   
 if enough physical memory is present to accommodate all of the solver   
 data.                                                                   
 Distributed sparse solver maximum pivot= 92748.2049 at node 1781 TEMP.  
 Distributed sparse solver minimum pivot= 181.210435 at node 444 TEMP.   
 Distributed sparse solver minimum pivot in absolute value= 181.210435   
 at node 444 TEMP.                                                       

   *** ELEMENT RESULT CALCULATION TIMES
     TYPE    NUMBER   ENAME      TOTAL CP  AVE CP

        1      4295  SOLID291      0.094   0.000022
        2       239  SURF152       0.000   0.000000
        3       241  SURF152       0.016   0.000065
        4      2646  SURF152       0.016   0.000006

   *** NODAL LOAD CALCULATION TIMES
     TYPE    NUMBER   ENAME      TOTAL CP  AVE CP

        1      4295  SOLID291      0.000   0.000000
        2       239  SURF152       0.000   0.000000
        3       241  SURF152       0.000   0.000000
        4      2646  SURF152       0.000   0.000000
 *** LOAD STEP     1   SUBSTEP     1  COMPLETED.    CUM ITER =      1
 *** TIME =  0.100000E-01     TIME INC =  0.100000E-01  NEW TRIANG MATRIX
 *** RESPONSE EIGENVALUE =  73.62       OSCILLATION LIMIT = 0.7362    
 *** AUTO TIME STEP:  NEXT TIME INC = 0.67916E-02  DECREASED (FACTOR = 0.6792)

 *** LOAD STEP     1   SUBSTEP     2  COMPLETED.    CUM ITER =      2
 *** TIME =  0.167916E-01     TIME INC =  0.679165E-02  NEW TRIANG MATRIX
 *** RESPONSE EIGENVALUE =  21.97       OSCILLATION LIMIT = 0.1492    
 *** AUTO STEP TIME:  NEXT TIME INC = 0.67916E-02  UNCHANGED

 *** LOAD STEP     1   SUBSTEP     3  COMPLETED.    CUM ITER =      3
 *** TIME =  0.235833E-01     TIME INC =  0.679165E-02  NEW TRIANG MATRIX
 *** RESPONSE EIGENVALUE =  13.95       OSCILLATION LIMIT = 0.9476E-01
 *** AUTO TIME STEP:  NEXT TIME INC = 0.20375E-01  INCREASED (FACTOR = 3.0000)

 *** LOAD STEP     1   SUBSTEP     4  COMPLETED.    CUM ITER =      4
 *** TIME =  0.439582E-01     TIME INC =  0.203749E-01  NEW TRIANG MATRIX
 *** RESPONSE EIGENVALUE =  6.810       OSCILLATION LIMIT = 0.1387    
 *** AUTO TIME STEP:  NEXT TIME INC = 0.61125E-01  INCREASED (FACTOR = 3.0000)

 *** LOAD STEP     1   SUBSTEP     5  COMPLETED.    CUM ITER =      5
 *** TIME =  0.105083         TIME INC =  0.611248E-01  NEW TRIANG MATRIX
 *** RESPONSE EIGENVALUE =  3.166       OSCILLATION LIMIT = 0.1935    
 *** AUTO TIME STEP:  NEXT TIME INC = 0.10000      INCREASED (FACTOR = 1.6360)

 *** LOAD STEP     1   SUBSTEP     6  COMPLETED.    CUM ITER =      6
 *** TIME =  0.205083         TIME INC =  0.100000      NEW TRIANG MATRIX
 *** RESPONSE EIGENVALUE =  1.942       OSCILLATION LIMIT = 0.1942    
 *** AUTO STEP TIME:  NEXT TIME INC = 0.10000      UNCHANGED

 *** LOAD STEP     1   SUBSTEP     7  COMPLETED.    CUM ITER =      7
 *** TIME =  0.305083         TIME INC =  0.100000      NEW TRIANG MATRIX
 *** RESPONSE EIGENVALUE =  1.326       OSCILLATION LIMIT = 0.1326    
 *** AUTO STEP TIME:  NEXT TIME INC = 0.10000      UNCHANGED

 *** LOAD STEP     1   SUBSTEP     8  COMPLETED.    CUM ITER =      8
 *** TIME =  0.405083         TIME INC =  0.100000      NEW TRIANG MATRIX
 *** RESPONSE EIGENVALUE = 0.8993       OSCILLATION LIMIT = 0.8993E-01
 *** AUTO STEP TIME:  NEXT TIME INC = 0.10000      UNCHANGED

 *** LOAD STEP     1   SUBSTEP     9  COMPLETED.    CUM ITER =      9
 *** TIME =  0.505083         TIME INC =  0.100000      NEW TRIANG MATRIX
 *** RESPONSE EIGENVALUE = 0.5995       OSCILLATION LIMIT = 0.5995E-01
 *** AUTO STEP TIME:  NEXT TIME INC = 0.10000      UNCHANGED

 *** LOAD STEP     1   SUBSTEP    10  COMPLETED.    CUM ITER =     10
 *** TIME =  0.605083         TIME INC =  0.100000      NEW TRIANG MATRIX
 *** RESPONSE EIGENVALUE = 0.3960       OSCILLATION LIMIT = 0.3960E-01
 *** AUTO STEP TIME:  NEXT TIME INC = 0.10000      UNCHANGED

 *** LOAD STEP     1   SUBSTEP    11  COMPLETED.    CUM ITER =     11
 *** TIME =  0.705083         TIME INC =  0.100000      NEW TRIANG MATRIX
 *** RESPONSE EIGENVALUE = 0.2621       OSCILLATION LIMIT = 0.2621E-01
 *** AUTO STEP TIME:  NEXT TIME INC = 0.10000      UNCHANGED

 *** LOAD STEP     1   SUBSTEP    12  COMPLETED.    CUM ITER =     12
 *** TIME =  0.805083         TIME INC =  0.100000      NEW TRIANG MATRIX
 *** RESPONSE EIGENVALUE = 0.1759       OSCILLATION LIMIT = 0.1759E-01
 *** AUTO STEP TIME:  NEXT TIME INC = 0.10000      UNCHANGED

 *** LOAD STEP     1   SUBSTEP    13  COMPLETED.    CUM ITER =     13
 *** TIME =  0.905083         TIME INC =  0.100000      NEW TRIANG MATRIX
 *** RESPONSE EIGENVALUE = 0.1209       OSCILLATION LIMIT = 0.1209E-01
 *** AUTO TIME STEP:  NEXT TIME INC = 0.94917E-01  DECREASED (FACTOR = 0.9492)

 *** LOAD STEP     1   SUBSTEP    14  COMPLETED.    CUM ITER =     14
 *** TIME =   1.00000         TIME INC =  0.949169E-01  NEW TRIANG MATRIX
 *** RESPONSE EIGENVALUE = 0.8716E-01   OSCILLATION LIMIT = 0.8273E-02


 *** ANSYS BINARY FILE STATISTICS
  BUFFER SIZE USED= 16384
        0.188 MB WRITTEN ON ELEMENT SAVED DATA FILE: file0.esav
        0.625 MB WRITTEN ON ASSEMBLED MATRIX FILE: file0.full
        4.750 MB WRITTEN ON RESULTS FILE: file0.rth
 *************** Write FE CONNECTORS *********

 WRITE OUT CONSTRAINT EQUATIONS TO FILE= file.ce                                                                                                                                                                                                                                                             
 ****************************************************
 *************** FINISHED SOLVE FOR LS 1 *************
 ****************************************************
 ******************* SOLVE FOR LS 2 OF 5 ****************

 PRINTOUT RESUMED BY /GOP

 USE AUTOMATIC TIME STEPPING THIS LOAD STEP

 USE     100 SUBSTEPS INITIALLY THIS LOAD STEP FOR ALL  DEGREES OF FREEDOM
 FOR AUTOMATIC TIME STEPPING:
   USE   1000 SUBSTEPS AS A MAXIMUM
   USE     10 SUBSTEPS AS A MINIMUM

 TIME=  2.0000    

 INCLUDE TRANSIENT EFFECTS FOR  ALL DEGREES OF FREEDOM THIS LOAD STEP

 ERASE THE CURRENT DATABASE OUTPUT CONTROL TABLE.


 WRITE ALL  ITEMS TO THE DATABASE WITH A FREQUENCY OF NONE
   FOR ALL APPLICABLE ENTITIES

 WRITE NSOL ITEMS TO THE DATABASE WITH A FREQUENCY OF ALL 
   FOR ALL APPLICABLE ENTITIES

 WRITE RSOL ITEMS TO THE DATABASE WITH A FREQUENCY OF ALL 
   FOR ALL APPLICABLE ENTITIES

 WRITE EANG ITEMS TO THE DATABASE WITH A FREQUENCY OF ALL 
   FOR ALL APPLICABLE ENTITIES

 WRITE VENG ITEMS TO THE DATABASE WITH A FREQUENCY OF ALL 
   FOR ALL APPLICABLE ENTITIES

 WRITE FFLU ITEMS TO THE DATABASE WITH A FREQUENCY OF ALL 
   FOR ALL APPLICABLE ENTITIES

 WRITE CONT ITEMS TO THE DATABASE WITH A FREQUENCY OF ALL 
   FOR ALL APPLICABLE ENTITIES

 WRITE MISC ITEMS TO THE DATABASE WITH A FREQUENCY OF ALL 
   FOR THE ENTITIES DEFINED BY COMPONENT _ELMISC 

 CONVERGENCE ON HEAT BASED ON THE NORM OF THE N-R LOAD
   WITH A TOLERANCE OF 0.1000E-02 AND A MINIMUM REFERENCE VALUE OF 0.1000E-02
   USING THE L2 NORM (CHECK THE SRSS VALUE)

 *****  ANSYS SOLVE    COMMAND  *****

 *** WARNING ***                         CP =       2.281   TIME= 23:06:21
 Material number 2 (used by element 6942) should normally have at least  
 one MP or one TB type command associated with it.  Output of energy by  
 material may not be available.                                          

 *** NOTE ***                            CP =       2.297   TIME= 23:06:21
 The step data was checked and warning messages were found.              
  Please review output or errors file (                                  
 C:\Users\CJ\PycharmProjects\DesignOptimization2021Fall\Project\Project  
 2 Ansys\_ProjectScratch\Scr0994\file0.err ) for these warning           
 messages.                                                               

 *** ANSYS - ENGINEERING ANALYSIS SYSTEM  RELEASE 2021 R2          21.2     ***
 DISTRIBUTED Ansys Mechanical Enterprise Academic Student      

 00000000  VERSION=WINDOWS x64   23:06:21  NOV 17, 2021 CP=      2.297

 Project 2_dp1--Transient Thermal (D5)                                         



                      L O A D   S T E P   O P T I O N S

   LOAD STEP NUMBER. . . . . . . . . . . . . . . .     2
   TIME AT END OF THE LOAD STEP. . . . . . . . . .  2.0000    
   AUTOMATIC TIME STEPPING . . . . . . . . . . . .    ON
      INITIAL NUMBER OF SUBSTEPS . . . . . . . . .   100
      MAXIMUM NUMBER OF SUBSTEPS . . . . . . . . .  1000
      MINIMUM NUMBER OF SUBSTEPS . . . . . . . . .    10
   STEP CHANGE BOUNDARY CONDITIONS . . . . . . . .   YES
   TRANSIENT (INERTIA) EFFECTS
      THERMAL DOFS . . . . . . . . . . . . . . . .    ON
   TRANSIENT INTEGRATION PARAMETERS
      THETA. . . . . . . . . . . . . . . . . . . .  1.0000    
      OSCILLATION LIMIT CRITERION. . . . . . . . . 0.50000    
      TOLERANCE. . . . . . . . . . . . . . . . . .  0.0000    
   PRINT OUTPUT CONTROLS . . . . . . . . . . . . .NO PRINTOUT
   DATABASE OUTPUT CONTROLS
      ITEM     FREQUENCY   COMPONENT
       ALL       NONE               
      NSOL        ALL               
      RSOL        ALL               
      EANG        ALL               
      VENG        ALL               
      FFLU        ALL               
      CONT        ALL               
      MISC        ALL       _ELMISC 


 SOLUTION MONITORING INFO IS WRITTEN TO FILE= file.mntr                                                                                                                                                                                                                                                           

 *** LOAD STEP     2   SUBSTEP     1  COMPLETED.    CUM ITER =     15
 *** TIME =   1.01000         TIME INC =  0.100000E-01  NEW TRIANG MATRIX
 *** RESPONSE EIGENVALUE = 0.8408E-01   OSCILLATION LIMIT = 0.8408E-03
 *** AUTO STEP TIME:  NEXT TIME INC = 0.10000E-01  UNCHANGED

 *** LOAD STEP     2   SUBSTEP     2  COMPLETED.    CUM ITER =     16
 *** TIME =   1.02000         TIME INC =  0.100000E-01  NEW TRIANG MATRIX
 *** RESPONSE EIGENVALUE = 0.8116E-01   OSCILLATION LIMIT = 0.8116E-03
 *** AUTO TIME STEP:  NEXT TIME INC = 0.30000E-01  INCREASED (FACTOR = 3.0000)

 *** LOAD STEP     2   SUBSTEP     3  COMPLETED.    CUM ITER =     17
 *** TIME =   1.05000         TIME INC =  0.300000E-01  NEW TRIANG MATRIX
 *** RESPONSE EIGENVALUE = 0.7341E-01   OSCILLATION LIMIT = 0.2202E-02
 *** AUTO TIME STEP:  NEXT TIME INC = 0.90000E-01  INCREASED (FACTOR = 3.0000)

 *** LOAD STEP     2   SUBSTEP     4  COMPLETED.    CUM ITER =     18
 *** TIME =   1.14000         TIME INC =  0.900000E-01  NEW TRIANG MATRIX
 *** RESPONSE EIGENVALUE = 0.5685E-01   OSCILLATION LIMIT = 0.5117E-02
 *** AUTO TIME STEP:  NEXT TIME INC = 0.10000      INCREASED (FACTOR = 1.1111)

 *** LOAD STEP     2   SUBSTEP     5  COMPLETED.    CUM ITER =     19
 *** TIME =   1.24000         TIME INC =  0.100000      NEW TRIANG MATRIX
 *** RESPONSE EIGENVALUE = 0.4480E-01   OSCILLATION LIMIT = 0.4480E-02
 *** AUTO STEP TIME:  NEXT TIME INC = 0.10000      UNCHANGED

 *** LOAD STEP     2   SUBSTEP     6  COMPLETED.    CUM ITER =     20
 *** TIME =   1.34000         TIME INC =  0.100000      NEW TRIANG MATRIX
 *** RESPONSE EIGENVALUE = 0.3687E-01   OSCILLATION LIMIT = 0.3687E-02
 *** AUTO STEP TIME:  NEXT TIME INC = 0.10000      UNCHANGED

 *** LOAD STEP     2   SUBSTEP     7  COMPLETED.    CUM ITER =     21
 *** TIME =   1.44000         TIME INC =  0.100000      NEW TRIANG MATRIX
 *** RESPONSE EIGENVALUE = 0.3155E-01   OSCILLATION LIMIT = 0.3155E-02
 *** AUTO STEP TIME:  NEXT TIME INC = 0.10000      UNCHANGED

 *** LOAD STEP     2   SUBSTEP     8  COMPLETED.    CUM ITER =     22
 *** TIME =   1.54000         TIME INC =  0.100000      NEW TRIANG MATRIX
 *** RESPONSE EIGENVALUE = 0.2789E-01   OSCILLATION LIMIT = 0.2789E-02
 *** AUTO STEP TIME:  NEXT TIME INC = 0.10000      UNCHANGED

 *** LOAD STEP     2   SUBSTEP     9  COMPLETED.    CUM ITER =     23
 *** TIME =   1.64000         TIME INC =  0.100000      NEW TRIANG MATRIX
 *** RESPONSE EIGENVALUE = 0.2530E-01   OSCILLATION LIMIT = 0.2530E-02
 *** AUTO STEP TIME:  NEXT TIME INC = 0.10000      UNCHANGED

 *** LOAD STEP     2   SUBSTEP    10  COMPLETED.    CUM ITER =     24
 *** TIME =   1.74000         TIME INC =  0.100000      NEW TRIANG MATRIX
 *** RESPONSE EIGENVALUE = 0.2341E-01   OSCILLATION LIMIT = 0.2341E-02
 *** AUTO STEP TIME:  NEXT TIME INC = 0.10000      UNCHANGED

 *** LOAD STEP     2   SUBSTEP    11  COMPLETED.    CUM ITER =     25
 *** TIME =   1.84000         TIME INC =  0.100000      NEW TRIANG MATRIX
 *** RESPONSE EIGENVALUE = 0.2198E-01   OSCILLATION LIMIT = 0.2198E-02
 *** AUTO STEP TIME:  NEXT TIME INC = 0.10000      UNCHANGED

 *** LOAD STEP     2   SUBSTEP    12  COMPLETED.    CUM ITER =     26
 *** TIME =   1.94000         TIME INC =  0.100000      NEW TRIANG MATRIX
 *** RESPONSE EIGENVALUE = 0.2086E-01   OSCILLATION LIMIT = 0.2086E-02
 *** AUTO TIME STEP:  NEXT TIME INC = 0.60000E-01  DECREASED (FACTOR = 0.6000)

 *** LOAD STEP     2   SUBSTEP    13  COMPLETED.    CUM ITER =     27
 *** TIME =   2.00000         TIME INC =  0.600000E-01  NEW TRIANG MATRIX
 *** RESPONSE EIGENVALUE = 0.2027E-01   OSCILLATION LIMIT = 0.1216E-02
 ****************************************************
 *************** FINISHED SOLVE FOR LS 2 *************
 ****************************************************
 ******************* SOLVE FOR LS 3 OF 5 ****************

 PRINTOUT RESUMED BY /GOP

 USE AUTOMATIC TIME STEPPING THIS LOAD STEP

 USE     100 SUBSTEPS INITIALLY THIS LOAD STEP FOR ALL  DEGREES OF FREEDOM
 FOR AUTOMATIC TIME STEPPING:
   USE   1000 SUBSTEPS AS A MAXIMUM
   USE     10 SUBSTEPS AS A MINIMUM

 TIME=  3.0000    

 INCLUDE TRANSIENT EFFECTS FOR  ALL DEGREES OF FREEDOM THIS LOAD STEP

 ERASE THE CURRENT DATABASE OUTPUT CONTROL TABLE.


 WRITE ALL  ITEMS TO THE DATABASE WITH A FREQUENCY OF NONE
   FOR ALL APPLICABLE ENTITIES

 WRITE NSOL ITEMS TO THE DATABASE WITH A FREQUENCY OF ALL 
   FOR ALL APPLICABLE ENTITIES

 WRITE RSOL ITEMS TO THE DATABASE WITH A FREQUENCY OF ALL 
   FOR ALL APPLICABLE ENTITIES

 WRITE EANG ITEMS TO THE DATABASE WITH A FREQUENCY OF ALL 
   FOR ALL APPLICABLE ENTITIES

 WRITE VENG ITEMS TO THE DATABASE WITH A FREQUENCY OF ALL 
   FOR ALL APPLICABLE ENTITIES

 WRITE FFLU ITEMS TO THE DATABASE WITH A FREQUENCY OF ALL 
   FOR ALL APPLICABLE ENTITIES

 WRITE CONT ITEMS TO THE DATABASE WITH A FREQUENCY OF ALL 
   FOR ALL APPLICABLE ENTITIES

 WRITE MISC ITEMS TO THE DATABASE WITH A FREQUENCY OF ALL 
   FOR THE ENTITIES DEFINED BY COMPONENT _ELMISC 

 CONVERGENCE ON HEAT BASED ON THE NORM OF THE N-R LOAD
   WITH A TOLERANCE OF 0.1000E-02 AND A MINIMUM REFERENCE VALUE OF 0.1000E-02
   USING THE L2 NORM (CHECK THE SRSS VALUE)

 *****  ANSYS SOLVE    COMMAND  *****

 *** WARNING ***                         CP =       3.281   TIME= 23:06:22
 Material number 2 (used by element 6942) should normally have at least  
 one MP or one TB type command associated with it.  Output of energy by  
 material may not be available.                                          

 *** NOTE ***                            CP =       3.281   TIME= 23:06:22
 The step data was checked and warning messages were found.              
  Please review output or errors file (                                  
 C:\Users\CJ\PycharmProjects\DesignOptimization2021Fall\Project\Project  
 2 Ansys\_ProjectScratch\Scr0994\file0.err ) for these warning           
 messages.                                                               

 *** ANSYS - ENGINEERING ANALYSIS SYSTEM  RELEASE 2021 R2          21.2     ***
 DISTRIBUTED Ansys Mechanical Enterprise Academic Student      

 00000000  VERSION=WINDOWS x64   23:06:22  NOV 17, 2021 CP=      3.297

 Project 2_dp1--Transient Thermal (D5)                                         



                      L O A D   S T E P   O P T I O N S

   LOAD STEP NUMBER. . . . . . . . . . . . . . . .     3
   TIME AT END OF THE LOAD STEP. . . . . . . . . .  3.0000    
   AUTOMATIC TIME STEPPING . . . . . . . . . . . .    ON
      INITIAL NUMBER OF SUBSTEPS . . . . . . . . .   100
      MAXIMUM NUMBER OF SUBSTEPS . . . . . . . . .  1000
      MINIMUM NUMBER OF SUBSTEPS . . . . . . . . .    10
   STEP CHANGE BOUNDARY CONDITIONS . . . . . . . .   YES
   TRANSIENT (INERTIA) EFFECTS
      THERMAL DOFS . . . . . . . . . . . . . . . .    ON
   TRANSIENT INTEGRATION PARAMETERS
      THETA. . . . . . . . . . . . . . . . . . . .  1.0000    
      OSCILLATION LIMIT CRITERION. . . . . . . . . 0.50000    
      TOLERANCE. . . . . . . . . . . . . . . . . .  0.0000    
   PRINT OUTPUT CONTROLS . . . . . . . . . . . . .NO PRINTOUT
   DATABASE OUTPUT CONTROLS
      ITEM     FREQUENCY   COMPONENT
       ALL       NONE               
      NSOL        ALL               
      RSOL        ALL               
      EANG        ALL               
      VENG        ALL               
      FFLU        ALL               
      CONT        ALL               
      MISC        ALL       _ELMISC 


 SOLUTION MONITORING INFO IS WRITTEN TO FILE= file.mntr                                                                                                                                                                                                                                                           

 *** LOAD STEP     3   SUBSTEP     1  COMPLETED.    CUM ITER =     28
 *** TIME =   2.01000         TIME INC =  0.100000E-01  NEW TRIANG MATRIX
 *** RESPONSE EIGENVALUE = 0.2018E-01   OSCILLATION LIMIT = 0.2018E-03
 *** AUTO STEP TIME:  NEXT TIME INC = 0.10000E-01  UNCHANGED

 *** LOAD STEP     3   SUBSTEP     2  COMPLETED.    CUM ITER =     29
 *** TIME =   2.02000         TIME INC =  0.100000E-01  NEW TRIANG MATRIX
 *** RESPONSE EIGENVALUE = 0.2009E-01   OSCILLATION LIMIT = 0.2009E-03
 *** AUTO TIME STEP:  NEXT TIME INC = 0.30000E-01  INCREASED (FACTOR = 3.0000)

 *** LOAD STEP     3   SUBSTEP     3  COMPLETED.    CUM ITER =     30
 *** TIME =   2.05000         TIME INC =  0.300000E-01  NEW TRIANG MATRIX
 *** RESPONSE EIGENVALUE = 0.1983E-01   OSCILLATION LIMIT = 0.5950E-03
 *** AUTO TIME STEP:  NEXT TIME INC = 0.90000E-01  INCREASED (FACTOR = 3.0000)

 *** LOAD STEP     3   SUBSTEP     4  COMPLETED.    CUM ITER =     31
 *** TIME =   2.14000         TIME INC =  0.900000E-01  NEW TRIANG MATRIX
 *** RESPONSE EIGENVALUE = 0.1915E-01   OSCILLATION LIMIT = 0.1723E-02
 *** AUTO TIME STEP:  NEXT TIME INC = 0.10000      INCREASED (FACTOR = 1.1111)

 *** LOAD STEP     3   SUBSTEP     5  COMPLETED.    CUM ITER =     32
 *** TIME =   2.24000         TIME INC =  0.100000      NEW TRIANG MATRIX
 *** RESPONSE EIGENVALUE = 0.1849E-01   OSCILLATION LIMIT = 0.1849E-02
 *** AUTO STEP TIME:  NEXT TIME INC = 0.10000      UNCHANGED

 *** LOAD STEP     3   SUBSTEP     6  COMPLETED.    CUM ITER =     33
 *** TIME =   2.34000         TIME INC =  0.100000      NEW TRIANG MATRIX
 *** RESPONSE EIGENVALUE = 0.1791E-01   OSCILLATION LIMIT = 0.1791E-02
 *** AUTO STEP TIME:  NEXT TIME INC = 0.10000      UNCHANGED

 *** LOAD STEP     3   SUBSTEP     7  COMPLETED.    CUM ITER =     34
 *** TIME =   2.44000         TIME INC =  0.100000      NEW TRIANG MATRIX
 *** RESPONSE EIGENVALUE = 0.1738E-01   OSCILLATION LIMIT = 0.1738E-02
 *** AUTO STEP TIME:  NEXT TIME INC = 0.10000      UNCHANGED

 *** LOAD STEP     3   SUBSTEP     8  COMPLETED.    CUM ITER =     35
 *** TIME =   2.54000         TIME INC =  0.100000      NEW TRIANG MATRIX
 *** RESPONSE EIGENVALUE = 0.1690E-01   OSCILLATION LIMIT = 0.1690E-02
 *** AUTO STEP TIME:  NEXT TIME INC = 0.10000      UNCHANGED

 *** LOAD STEP     3   SUBSTEP     9  COMPLETED.    CUM ITER =     36
 *** TIME =   2.64000         TIME INC =  0.100000      NEW TRIANG MATRIX
 *** RESPONSE EIGENVALUE = 0.1646E-01   OSCILLATION LIMIT = 0.1646E-02
 *** AUTO STEP TIME:  NEXT TIME INC = 0.10000      UNCHANGED

 *** LOAD STEP     3   SUBSTEP    10  COMPLETED.    CUM ITER =     37
 *** TIME =   2.74000         TIME INC =  0.100000      NEW TRIANG MATRIX
 *** RESPONSE EIGENVALUE = 0.1605E-01   OSCILLATION LIMIT = 0.1605E-02
 *** AUTO STEP TIME:  NEXT TIME INC = 0.10000      UNCHANGED

 *** LOAD STEP     3   SUBSTEP    11  COMPLETED.    CUM ITER =     38
 *** TIME =   2.84000         TIME INC =  0.100000      NEW TRIANG MATRIX
 *** RESPONSE EIGENVALUE = 0.1567E-01   OSCILLATION LIMIT = 0.1567E-02
 *** AUTO STEP TIME:  NEXT TIME INC = 0.10000      UNCHANGED

 *** LOAD STEP     3   SUBSTEP    12  COMPLETED.    CUM ITER =     39
 *** TIME =   2.94000         TIME INC =  0.100000      NEW TRIANG MATRIX
 *** RESPONSE EIGENVALUE = 0.1531E-01   OSCILLATION LIMIT = 0.1531E-02
 *** AUTO TIME STEP:  NEXT TIME INC = 0.60000E-01  DECREASED (FACTOR = 0.6000)

 *** LOAD STEP     3   SUBSTEP    13  COMPLETED.    CUM ITER =     40
 *** TIME =   3.00000         TIME INC =  0.600000E-01  NEW TRIANG MATRIX
 *** RESPONSE EIGENVALUE = 0.1510E-01   OSCILLATION LIMIT = 0.9061E-03
 ****************************************************
 *************** FINISHED SOLVE FOR LS 3 *************
 ****************************************************
 ******************* SOLVE FOR LS 4 OF 5 ****************

 PRINTOUT RESUMED BY /GOP

 USE AUTOMATIC TIME STEPPING THIS LOAD STEP

 USE     100 SUBSTEPS INITIALLY THIS LOAD STEP FOR ALL  DEGREES OF FREEDOM
 FOR AUTOMATIC TIME STEPPING:
   USE   1000 SUBSTEPS AS A MAXIMUM
   USE     10 SUBSTEPS AS A MINIMUM

 TIME=  4.0000    

 INCLUDE TRANSIENT EFFECTS FOR  ALL DEGREES OF FREEDOM THIS LOAD STEP

 ERASE THE CURRENT DATABASE OUTPUT CONTROL TABLE.


 WRITE ALL  ITEMS TO THE DATABASE WITH A FREQUENCY OF NONE
   FOR ALL APPLICABLE ENTITIES

 WRITE NSOL ITEMS TO THE DATABASE WITH A FREQUENCY OF ALL 
   FOR ALL APPLICABLE ENTITIES

 WRITE RSOL ITEMS TO THE DATABASE WITH A FREQUENCY OF ALL 
   FOR ALL APPLICABLE ENTITIES

 WRITE EANG ITEMS TO THE DATABASE WITH A FREQUENCY OF ALL 
   FOR ALL APPLICABLE ENTITIES

 WRITE VENG ITEMS TO THE DATABASE WITH A FREQUENCY OF ALL 
   FOR ALL APPLICABLE ENTITIES

 WRITE FFLU ITEMS TO THE DATABASE WITH A FREQUENCY OF ALL 
   FOR ALL APPLICABLE ENTITIES

 WRITE CONT ITEMS TO THE DATABASE WITH A FREQUENCY OF ALL 
   FOR ALL APPLICABLE ENTITIES

 WRITE MISC ITEMS TO THE DATABASE WITH A FREQUENCY OF ALL 
   FOR THE ENTITIES DEFINED BY COMPONENT _ELMISC 

 CONVERGENCE ON HEAT BASED ON THE NORM OF THE N-R LOAD
   WITH A TOLERANCE OF 0.1000E-02 AND A MINIMUM REFERENCE VALUE OF 0.1000E-02
   USING THE L2 NORM (CHECK THE SRSS VALUE)

 *****  ANSYS SOLVE    COMMAND  *****

 *** WARNING ***                         CP =       4.359   TIME= 23:06:23
 Material number 2 (used by element 6942) should normally have at least  
 one MP or one TB type command associated with it.  Output of energy by  
 material may not be available.                                          

 *** NOTE ***                            CP =       4.375   TIME= 23:06:23
 The step data was checked and warning messages were found.              
  Please review output or errors file (                                  
 C:\Users\CJ\PycharmProjects\DesignOptimization2021Fall\Project\Project  
 2 Ansys\_ProjectScratch\Scr0994\file0.err ) for these warning           
 messages.                                                               

 *** ANSYS - ENGINEERING ANALYSIS SYSTEM  RELEASE 2021 R2          21.2     ***
 DISTRIBUTED Ansys Mechanical Enterprise Academic Student      

 00000000  VERSION=WINDOWS x64   23:06:23  NOV 17, 2021 CP=      4.375

 Project 2_dp1--Transient Thermal (D5)                                         



                      L O A D   S T E P   O P T I O N S

   LOAD STEP NUMBER. . . . . . . . . . . . . . . .     4
   TIME AT END OF THE LOAD STEP. . . . . . . . . .  4.0000    
   AUTOMATIC TIME STEPPING . . . . . . . . . . . .    ON
      INITIAL NUMBER OF SUBSTEPS . . . . . . . . .   100
      MAXIMUM NUMBER OF SUBSTEPS . . . . . . . . .  1000
      MINIMUM NUMBER OF SUBSTEPS . . . . . . . . .    10
   STEP CHANGE BOUNDARY CONDITIONS . . . . . . . .   YES
   TRANSIENT (INERTIA) EFFECTS
      THERMAL DOFS . . . . . . . . . . . . . . . .    ON
   TRANSIENT INTEGRATION PARAMETERS
      THETA. . . . . . . . . . . . . . . . . . . .  1.0000    
      OSCILLATION LIMIT CRITERION. . . . . . . . . 0.50000    
      TOLERANCE. . . . . . . . . . . . . . . . . .  0.0000    
   PRINT OUTPUT CONTROLS . . . . . . . . . . . . .NO PRINTOUT
   DATABASE OUTPUT CONTROLS
      ITEM     FREQUENCY   COMPONENT
       ALL       NONE               
      NSOL        ALL               
      RSOL        ALL               
      EANG        ALL               
      VENG        ALL               
      FFLU        ALL               
      CONT        ALL               
      MISC        ALL       _ELMISC 


 SOLUTION MONITORING INFO IS WRITTEN TO FILE= file.mntr                                                                                                                                                                                                                                                           

 *** LOAD STEP     4   SUBSTEP     1  COMPLETED.    CUM ITER =     41
 *** TIME =   3.01000         TIME INC =  0.100000E-01  NEW TRIANG MATRIX
 *** RESPONSE EIGENVALUE = 0.1507E-01   OSCILLATION LIMIT = 0.1507E-03
 *** AUTO STEP TIME:  NEXT TIME INC = 0.10000E-01  UNCHANGED

 *** LOAD STEP     4   SUBSTEP     2  COMPLETED.    CUM ITER =     42
 *** TIME =   3.02000         TIME INC =  0.100000E-01  NEW TRIANG MATRIX
 *** RESPONSE EIGENVALUE = 0.1503E-01   OSCILLATION LIMIT = 0.1503E-03
 *** AUTO TIME STEP:  NEXT TIME INC = 0.30000E-01  INCREASED (FACTOR = 3.0000)

 *** LOAD STEP     4   SUBSTEP     3  COMPLETED.    CUM ITER =     43
 *** TIME =   3.05000         TIME INC =  0.300000E-01  NEW TRIANG MATRIX
 *** RESPONSE EIGENVALUE = 0.1493E-01   OSCILLATION LIMIT = 0.4480E-03
 *** AUTO TIME STEP:  NEXT TIME INC = 0.90000E-01  INCREASED (FACTOR = 3.0000)

 *** LOAD STEP     4   SUBSTEP     4  COMPLETED.    CUM ITER =     44
 *** TIME =   3.14000         TIME INC =  0.900000E-01  NEW TRIANG MATRIX
 *** RESPONSE EIGENVALUE = 0.1465E-01   OSCILLATION LIMIT = 0.1318E-02
 *** AUTO TIME STEP:  NEXT TIME INC = 0.10000      INCREASED (FACTOR = 1.1111)

 *** LOAD STEP     4   SUBSTEP     5  COMPLETED.    CUM ITER =     45
 *** TIME =   3.24000         TIME INC =  0.100000      NEW TRIANG MATRIX
 *** RESPONSE EIGENVALUE = 0.1435E-01   OSCILLATION LIMIT = 0.1435E-02
 *** AUTO STEP TIME:  NEXT TIME INC = 0.10000      UNCHANGED

 *** LOAD STEP     4   SUBSTEP     6  COMPLETED.    CUM ITER =     46
 *** TIME =   3.34000         TIME INC =  0.100000      NEW TRIANG MATRIX
 *** RESPONSE EIGENVALUE = 0.1406E-01   OSCILLATION LIMIT = 0.1406E-02
 *** AUTO STEP TIME:  NEXT TIME INC = 0.10000      UNCHANGED

 *** LOAD STEP     4   SUBSTEP     7  COMPLETED.    CUM ITER =     47
 *** TIME =   3.44000         TIME INC =  0.100000      NEW TRIANG MATRIX
 *** RESPONSE EIGENVALUE = 0.1379E-01   OSCILLATION LIMIT = 0.1379E-02
 *** AUTO STEP TIME:  NEXT TIME INC = 0.10000      UNCHANGED

 *** LOAD STEP     4   SUBSTEP     8  COMPLETED.    CUM ITER =     48
 *** TIME =   3.54000         TIME INC =  0.100000      NEW TRIANG MATRIX
 *** RESPONSE EIGENVALUE = 0.1353E-01   OSCILLATION LIMIT = 0.1353E-02
 *** AUTO STEP TIME:  NEXT TIME INC = 0.10000      UNCHANGED

 *** LOAD STEP     4   SUBSTEP     9  COMPLETED.    CUM ITER =     49
 *** TIME =   3.64000         TIME INC =  0.100000      NEW TRIANG MATRIX
 *** RESPONSE EIGENVALUE = 0.1329E-01   OSCILLATION LIMIT = 0.1329E-02
 *** AUTO STEP TIME:  NEXT TIME INC = 0.10000      UNCHANGED

 *** LOAD STEP     4   SUBSTEP    10  COMPLETED.    CUM ITER =     50
 *** TIME =   3.74000         TIME INC =  0.100000      NEW TRIANG MATRIX
 *** RESPONSE EIGENVALUE = 0.1306E-01   OSCILLATION LIMIT = 0.1306E-02
 *** AUTO STEP TIME:  NEXT TIME INC = 0.10000      UNCHANGED

 *** LOAD STEP     4   SUBSTEP    11  COMPLETED.    CUM ITER =     51
 *** TIME =   3.84000         TIME INC =  0.100000      NEW TRIANG MATRIX
 *** RESPONSE EIGENVALUE = 0.1283E-01   OSCILLATION LIMIT = 0.1283E-02
 *** AUTO STEP TIME:  NEXT TIME INC = 0.10000      UNCHANGED

 *** LOAD STEP     4   SUBSTEP    12  COMPLETED.    CUM ITER =     52
 *** TIME =   3.94000         TIME INC =  0.100000      NEW TRIANG MATRIX
 *** RESPONSE EIGENVALUE = 0.1262E-01   OSCILLATION LIMIT = 0.1262E-02
 *** AUTO TIME STEP:  NEXT TIME INC = 0.60000E-01  DECREASED (FACTOR = 0.6000)

 *** LOAD STEP     4   SUBSTEP    13  COMPLETED.    CUM ITER =     53
 *** TIME =   4.00000         TIME INC =  0.600000E-01  NEW TRIANG MATRIX
 *** RESPONSE EIGENVALUE = 0.1250E-01   OSCILLATION LIMIT = 0.7500E-03
 ****************************************************
 *************** FINISHED SOLVE FOR LS 4 *************
 ****************************************************
 ******************* SOLVE FOR LS 5 OF 5 ****************

 PRINTOUT RESUMED BY /GOP

 USE AUTOMATIC TIME STEPPING THIS LOAD STEP

 USE     100 SUBSTEPS INITIALLY THIS LOAD STEP FOR ALL  DEGREES OF FREEDOM
 FOR AUTOMATIC TIME STEPPING:
   USE   1000 SUBSTEPS AS A MAXIMUM
   USE     10 SUBSTEPS AS A MINIMUM

 TIME=  5.0000    

 INCLUDE TRANSIENT EFFECTS FOR  ALL DEGREES OF FREEDOM THIS LOAD STEP

 ERASE THE CURRENT DATABASE OUTPUT CONTROL TABLE.


 WRITE ALL  ITEMS TO THE DATABASE WITH A FREQUENCY OF NONE
   FOR ALL APPLICABLE ENTITIES

 WRITE NSOL ITEMS TO THE DATABASE WITH A FREQUENCY OF ALL 
   FOR ALL APPLICABLE ENTITIES

 WRITE RSOL ITEMS TO THE DATABASE WITH A FREQUENCY OF ALL 
   FOR ALL APPLICABLE ENTITIES

 WRITE EANG ITEMS TO THE DATABASE WITH A FREQUENCY OF ALL 
   FOR ALL APPLICABLE ENTITIES

 WRITE VENG ITEMS TO THE DATABASE WITH A FREQUENCY OF ALL 
   FOR ALL APPLICABLE ENTITIES

 WRITE FFLU ITEMS TO THE DATABASE WITH A FREQUENCY OF ALL 
   FOR ALL APPLICABLE ENTITIES

 WRITE CONT ITEMS TO THE DATABASE WITH A FREQUENCY OF ALL 
   FOR ALL APPLICABLE ENTITIES

 WRITE MISC ITEMS TO THE DATABASE WITH A FREQUENCY OF ALL 
   FOR THE ENTITIES DEFINED BY COMPONENT _ELMISC 

 CONVERGENCE ON HEAT BASED ON THE NORM OF THE N-R LOAD
   WITH A TOLERANCE OF 0.1000E-02 AND A MINIMUM REFERENCE VALUE OF 0.1000E-02
   USING THE L2 NORM (CHECK THE SRSS VALUE)

 *****  ANSYS SOLVE    COMMAND  *****

 *** WARNING ***                         CP =       5.375   TIME= 23:06:24
 Material number 2 (used by element 6942) should normally have at least  
 one MP or one TB type command associated with it.  Output of energy by  
 material may not be available.                                          

 *** NOTE ***                            CP =       5.375   TIME= 23:06:24
 The step data was checked and warning messages were found.              
  Please review output or errors file (                                  
 C:\Users\CJ\PycharmProjects\DesignOptimization2021Fall\Project\Project  
 2 Ansys\_ProjectScratch\Scr0994\file0.err ) for these warning           
 messages.                                                               

 *** ANSYS - ENGINEERING ANALYSIS SYSTEM  RELEASE 2021 R2          21.2     ***
 DISTRIBUTED Ansys Mechanical Enterprise Academic Student      

 00000000  VERSION=WINDOWS x64   23:06:24  NOV 17, 2021 CP=      5.375

 Project 2_dp1--Transient Thermal (D5)                                         



                      L O A D   S T E P   O P T I O N S

   LOAD STEP NUMBER. . . . . . . . . . . . . . . .     5
   TIME AT END OF THE LOAD STEP. . . . . . . . . .  5.0000    
   AUTOMATIC TIME STEPPING . . . . . . . . . . . .    ON
      INITIAL NUMBER OF SUBSTEPS . . . . . . . . .   100
      MAXIMUM NUMBER OF SUBSTEPS . . . . . . . . .  1000
      MINIMUM NUMBER OF SUBSTEPS . . . . . . . . .    10
   STEP CHANGE BOUNDARY CONDITIONS . . . . . . . .   YES
   TRANSIENT (INERTIA) EFFECTS
      THERMAL DOFS . . . . . . . . . . . . . . . .    ON
   TRANSIENT INTEGRATION PARAMETERS
      THETA. . . . . . . . . . . . . . . . . . . .  1.0000    
      OSCILLATION LIMIT CRITERION. . . . . . . . . 0.50000    
      TOLERANCE. . . . . . . . . . . . . . . . . .  0.0000    
   PRINT OUTPUT CONTROLS . . . . . . . . . . . . .NO PRINTOUT
   DATABASE OUTPUT CONTROLS
      ITEM     FREQUENCY   COMPONENT
       ALL       NONE               
      NSOL        ALL               
      RSOL        ALL               
      EANG        ALL               
      VENG        ALL               
      FFLU        ALL               
      CONT        ALL               
      MISC        ALL       _ELMISC 


 SOLUTION MONITORING INFO IS WRITTEN TO FILE= file.mntr                                                                                                                                                                                                                                                           

 *** LOAD STEP     5   SUBSTEP     1  COMPLETED.    CUM ITER =     54
 *** TIME =   4.01000         TIME INC =  0.100000E-01  NEW TRIANG MATRIX
 *** RESPONSE EIGENVALUE = 0.1248E-01   OSCILLATION LIMIT = 0.1248E-03
 *** AUTO STEP TIME:  NEXT TIME INC = 0.10000E-01  UNCHANGED

 *** LOAD STEP     5   SUBSTEP     2  COMPLETED.    CUM ITER =     55
 *** TIME =   4.02000         TIME INC =  0.100000E-01  NEW TRIANG MATRIX
 *** RESPONSE EIGENVALUE = 0.1246E-01   OSCILLATION LIMIT = 0.1246E-03
 *** AUTO TIME STEP:  NEXT TIME INC = 0.30000E-01  INCREASED (FACTOR = 3.0000)

 *** LOAD STEP     5   SUBSTEP     3  COMPLETED.    CUM ITER =     56
 *** TIME =   4.05000         TIME INC =  0.300000E-01  NEW TRIANG MATRIX
 *** RESPONSE EIGENVALUE = 0.1240E-01   OSCILLATION LIMIT = 0.3720E-03
 *** AUTO TIME STEP:  NEXT TIME INC = 0.90000E-01  INCREASED (FACTOR = 3.0000)

 *** LOAD STEP     5   SUBSTEP     4  COMPLETED.    CUM ITER =     57
 *** TIME =   4.14000         TIME INC =  0.900000E-01  NEW TRIANG MATRIX
 *** RESPONSE EIGENVALUE = 0.1222E-01   OSCILLATION LIMIT = 0.1100E-02
 *** AUTO TIME STEP:  NEXT TIME INC = 0.10000      INCREASED (FACTOR = 1.1111)

 *** LOAD STEP     5   SUBSTEP     5  COMPLETED.    CUM ITER =     58
 *** TIME =   4.24000         TIME INC =  0.100000      NEW TRIANG MATRIX
 *** RESPONSE EIGENVALUE = 0.1204E-01   OSCILLATION LIMIT = 0.1204E-02
 *** AUTO STEP TIME:  NEXT TIME INC = 0.10000      UNCHANGED

 *** LOAD STEP     5   SUBSTEP     6  COMPLETED.    CUM ITER =     59
 *** TIME =   4.34000         TIME INC =  0.100000      NEW TRIANG MATRIX
 *** RESPONSE EIGENVALUE = 0.1186E-01   OSCILLATION LIMIT = 0.1186E-02
 *** AUTO STEP TIME:  NEXT TIME INC = 0.10000      UNCHANGED

 *** LOAD STEP     5   SUBSTEP     7  COMPLETED.    CUM ITER =     60
 *** TIME =   4.44000         TIME INC =  0.100000      NEW TRIANG MATRIX
 *** RESPONSE EIGENVALUE = 0.1169E-01   OSCILLATION LIMIT = 0.1169E-02
 *** AUTO STEP TIME:  NEXT TIME INC = 0.10000      UNCHANGED

 *** LOAD STEP     5   SUBSTEP     8  COMPLETED.    CUM ITER =     61
 *** TIME =   4.54000         TIME INC =  0.100000      NEW TRIANG MATRIX
 *** RESPONSE EIGENVALUE = 0.1153E-01   OSCILLATION LIMIT = 0.1153E-02
 *** AUTO STEP TIME:  NEXT TIME INC = 0.10000      UNCHANGED

 *** LOAD STEP     5   SUBSTEP     9  COMPLETED.    CUM ITER =     62
 *** TIME =   4.64000         TIME INC =  0.100000      NEW TRIANG MATRIX
 *** RESPONSE EIGENVALUE = 0.1137E-01   OSCILLATION LIMIT = 0.1137E-02
 *** AUTO STEP TIME:  NEXT TIME INC = 0.10000      UNCHANGED

 *** LOAD STEP     5   SUBSTEP    10  COMPLETED.    CUM ITER =     63
 *** TIME =   4.74000         TIME INC =  0.100000      NEW TRIANG MATRIX
 *** RESPONSE EIGENVALUE = 0.1122E-01   OSCILLATION LIMIT = 0.1122E-02
 *** AUTO STEP TIME:  NEXT TIME INC = 0.10000      UNCHANGED

 *** LOAD STEP     5   SUBSTEP    11  COMPLETED.    CUM ITER =     64
 *** TIME =   4.84000         TIME INC =  0.100000      NEW TRIANG MATRIX
 *** RESPONSE EIGENVALUE = 0.1108E-01   OSCILLATION LIMIT = 0.1108E-02
 *** AUTO STEP TIME:  NEXT TIME INC = 0.10000      UNCHANGED

 *** LOAD STEP     5   SUBSTEP    12  COMPLETED.    CUM ITER =     65
 *** TIME =   4.94000         TIME INC =  0.100000      NEW TRIANG MATRIX
 *** RESPONSE EIGENVALUE = 0.1093E-01   OSCILLATION LIMIT = 0.1093E-02
 *** AUTO TIME STEP:  NEXT TIME INC = 0.60000E-01  DECREASED (FACTOR = 0.6000)

 *** LOAD STEP     5   SUBSTEP    13  COMPLETED.    CUM ITER =     66
 *** TIME =   5.00000         TIME INC =  0.600000E-01  NEW TRIANG MATRIX
 *** RESPONSE EIGENVALUE = 0.1085E-01   OSCILLATION LIMIT = 0.6512E-03
 ****************************************************
 *************** FINISHED SOLVE FOR LS 5 *************

 *GET  _WALLASOL  FROM  ACTI  ITEM=TIME WALL  VALUE=  23.1069444    

 FINISH SOLUTION PROCESSING


 ***** ROUTINE COMPLETED *****  CP =         6.891



 *** ANSYS - ENGINEERING ANALYSIS SYSTEM  RELEASE 2021 R2          21.2     ***
 DISTRIBUTED Ansys Mechanical Enterprise Academic Student      

 00000000  VERSION=WINDOWS x64   23:06:26  NOV 17, 2021 CP=      6.891

 Project 2_dp1--Transient Thermal (D5)                                         



          ***** ANSYS RESULTS INTERPRETATION (POST1) *****

 *** NOTE ***                            CP =       6.891   TIME= 23:06:26
 Reading results into the database (SET command) will update the current 
 displacement and force boundary conditions in the database with the     
 values from the results file for that load set.  Note that any          
 subsequent solutions will use these values unless action is taken to    
 either SAVE the current values or not overwrite them (/EXIT,NOSAVE).    

 Set Encoding of XML File to:ISO-8859-1

 Set Output of XML File to:
     PARM,     ,     ,     ,     ,     ,     ,     ,     ,     ,     ,     ,
         ,     ,     ,     ,     ,     ,     ,

 DATABASE WRITTEN ON FILE  parm.xml                                                                                                                                                                                                                                                            

 EXIT THE ANSYS POST1 DATABASE PROCESSOR


 ***** ROUTINE COMPLETED *****  CP =         6.891



 PRINTOUT RESUMED BY /GOP

 *GET  _WALLDONE  FROM  ACTI  ITEM=TIME WALL  VALUE=  23.1072222    

 PARAMETER _PREPTIME =     0.000000000    

 PARAMETER _SOLVTIME =     5.000000000    

 PARAMETER _POSTTIME =     1.000000000    

 PARAMETER _TOTALTIM =     6.000000000    

 *GET  _DLBRATIO  FROM  ACTI  ITEM=SOLU DLBR  VALUE=  1.01671159    

 *GET  _COMBTIME  FROM  ACTI  ITEM=SOLU COMB  VALUE= 0.519552200    

 *GET  _SSMODE   FROM  ACTI  ITEM=SOLU SSMM  VALUE=  2.00000000    

 *GET  _NDOFS    FROM  ACTI  ITEM=SOLU NDOF  VALUE=  8546.00000    
 --- Total number of nodes = 8546
 --- Total number of elements = 7421
 --- Element load balance ratio = 1.01671159
 --- Time to combine distributed files = 0.5195522
 --- Sparse memory mode = 2
 --- Number of DOF = 8546

 EXIT ANSYS WITHOUT SAVING DATABASE


 NUMBER OF WARNING MESSAGES ENCOUNTERED=          7
 NUMBER OF ERROR   MESSAGES ENCOUNTERED=          0

+--------- D I S T R I B U T E D   A N S Y S   S T A T I S T I C S ------------+

Release: 2021 R2            Build: 21.2       Update: UP20210601   Platform: WINDOWS x64 
Date Run: 11/17/2021   Time: 23:06     Process ID: 17504
Operating System: Windows 10  (Build: 19042)

Processor Model: Intel(R) Core(TM) i7-8700K CPU @ 3.70GHz

Compiler: Intel(R) FORTRAN Compiler Version 19.0.0  (Build: 20190206)
          Intel(R) C/C++ Compiler Version 19.0.0  (Build: 20190206)
          Intel(R) Math Kernel Library Version 2020.0.0 Product Build 20191125
          BLAS Library supplied by Intel(R) MKL

Number of machines requested            :    1
Total number of cores available         :   12
Number of physical cores available      :    6
Number of processes requested           :    4
Number of threads per process requested :    1
Total number of cores requested         :    4 (Distributed Memory Parallel)               
MPI Type: INTELMPI
MPI Version: Intel(R) MPI Library 2019 Update 9 for Windows* OS


GPU Acceleration: Not Requested

Job Name: file0
Input File: dummy.dat

  Core                Machine Name   Working Directory
 -----------------------------------------------------
     0             DESKTOP-MEC6BLA   C:\Users\CJ\PycharmProjects\DesignOptimization2021Fall\Project\Project 2 Ansys\_ProjectScratch\Scr0994
     1             DESKTOP-MEC6BLA   C:\Users\CJ\PycharmProjects\DesignOptimization2021Fall\Project\Project 2 Ansys\_ProjectScratch\Scr0994
     2             DESKTOP-MEC6BLA   C:\Users\CJ\PycharmProjects\DesignOptimization2021Fall\Project\Project 2 Ansys\_ProjectScratch\Scr0994
     3             DESKTOP-MEC6BLA   C:\Users\CJ\PycharmProjects\DesignOptimization2021Fall\Project\Project 2 Ansys\_ProjectScratch\Scr0994
 
Latency time from master to core     1 =    4.101 microseconds
Latency time from master to core     2 =    3.614 microseconds
Latency time from master to core     3 =    3.673 microseconds
 
Communication speed from master to core     1 =  6043.85 MB/sec
Communication speed from master to core     2 =  6580.57 MB/sec
Communication speed from master to core     3 =  7860.32 MB/sec

Total CPU time for main thread                    :        6.4 seconds
Total CPU time summed for all threads             :        7.1 seconds

Elapsed time spent obtaining a license            :        3.7 seconds
Elapsed time spent pre-processing model (/PREP7)  :        0.0 seconds
Elapsed time spent solution - preprocessing       :        0.1 seconds
Elapsed time spent computing solution             :        5.2 seconds
Elapsed time spent solution - postprocessing      :        0.5 seconds
Elapsed time spent post-processing model (/POST1) :        0.0 seconds
 
Equation solver used                              :            Sparse (symmetric)
Equation solver computational rate                :        7.9 Gflops

Maximum total memory used                         :      582.0 MB
Maximum total memory allocated                    :     5184.0 MB
Total physical memory available                   :         16 GB

Total amount of I/O written to disk               :        0.2 GB
Total amount of I/O read from disk                :        0.1 GB

+------ E N D   D I S T R I B U T E D   A N S Y S   S T A T I S T I C S -------+


 *---------------------------------------------------------------------------*
 |                                                                           |
 |                       DISTRIBUTED ANSYS RUN COMPLETED                     |
 |                                                                           |
 |---------------------------------------------------------------------------|
 |                                                                           |
 | Ansys 2021 R2               Build 21.2         UP20210601     WINDOWS x64 |
 |                                                                           |
 |---------------------------------------------------------------------------|
 |                                                                           |
 | Database Requested(-db)  1024 MB    Scratch Memory Requested      1024 MB |
 | Maximum Database Used       8 MB    Maximum Scratch Memory Used    145 MB |
 |                                                                           |
 |---------------------------------------------------------------------------|
 |                                                                           |
 |        CP Time      (sec) =          7.078       Time  =  23:06:26        |
 |        Elapsed Time (sec) =         11.000       Date  =  11/17/2021      |
 |                                                                           |
 *---------------------------------------------------------------------------*
