
 Ansys Mechanical Enterprise Academic Student      


 *------------------------------------------------------------------*
 |                                                                  |
 |   W E L C O M E   T O   T H E   A N S Y S (R)  P R O G R A M     |
 |                                                                  |
 *------------------------------------------------------------------*




 ***************************************************************
 *            ANSYS 2021 R2          LEGAL NOTICES             *
 ***************************************************************
 *                                                             *
 * Copyright 1971-2021 ANSYS, Inc.  All rights reserved.       *
 * Unauthorized use, distribution or duplication is            *
 * prohibited.                                                 *
 *                                                             *
 * Ansys is a registered trademark of ANSYS, Inc. or its       *
 * subsidiaries in the United States or other countries.       *
 * See the ANSYS, Inc. online documentation or the ANSYS, Inc. *
 * documentation CD or online help for the complete Legal      *
 * Notice.                                                     *
 *                                                             *
 ***************************************************************
 *                                                             *
 * THIS ANSYS SOFTWARE PRODUCT AND PROGRAM DOCUMENTATION       *
 * INCLUDE TRADE SECRETS AND CONFIDENTIAL AND PROPRIETARY      *
 * PRODUCTS OF ANSYS, INC., ITS SUBSIDIARIES, OR LICENSORS.    *
 * The software products and documentation are furnished by    *
 * ANSYS, Inc. or its subsidiaries under a software license    *
 * agreement that contains provisions concerning               *
 * non-disclosure, copying, length and nature of use,          *
 * compliance with exporting laws, warranties, disclaimers,    *
 * limitations of liability, and remedies, and other           *
 * provisions.  The software products and documentation may be *
 * used, disclosed, transferred, or copied only in accordance  *
 * with the terms and conditions of that software license      *
 * agreement.                                                  *
 *                                                             *
 * ANSYS, Inc. is a UL registered                              *
 * ISO 9001:2015 company.                                      *
 *                                                             *
 ***************************************************************
 *                                                             *
 * This product is subject to U.S. laws governing export and   *
 * re-export.                                                  *
 *                                                             *
 * For U.S. Government users, except as specifically granted   *
 * by the ANSYS, Inc. software license agreement, the use,     *
 * duplication, or disclosure by the United States Government  *
 * is subject to restrictions stated in the ANSYS, Inc.        *
 * software license agreement and FAR 12.212 (for non-DOD      *
 * licenses).                                                  *
 *                                                             *
 ***************************************************************

 2021 R2 
     
 Point Releases and Patches installed:   
     
 Academic Student 2021 R2
 Aqwa 2021 R2
 EnSight 2021 R2 
 FENSAP-ICE 2021 R2  


          *****  ANSYS COMMAND LINE ARGUMENTS  *****
  BATCH MODE REQUESTED (-b)    = NOLIST
  INPUT FILE COPY MODE (-c)    = COPY
  DISTRIBUTED MEMORY PARALLEL REQUESTED
       4 PARALLEL PROCESSES REQUESTED WITH SINGLE THREAD PER PROCESS
    TOTAL OF     4 CORES REQUESTED
  INPUT FILE NAME              = C:\Users\CJ\PycharmProjects\DesignOptimization2021Fall\Project\Project 2 Ansys\_ProjectScratch\Scr182D\dummy.dat
  OUTPUT FILE NAME             = C:\Users\CJ\PycharmProjects\DesignOptimization2021Fall\Project\Project 2 Ansys\_ProjectScratch\Scr182D\solve.out
  START-UP FILE MODE           = NOREAD
  STOP FILE MODE               = NOREAD

 RELEASE= 2021 R2              BUILD= 21.2      UP20210601   VERSION=WINDOWS x64 
 CURRENT JOBNAME=file0  23:18:09  NOV 13, 2021 CP=      0.141


 PARAMETER _DS_PROGRESS =     999.0000000    

 /INPUT FILE= ds.dat  LINE=       0



 *** NOTE ***                            CP =       0.234   TIME= 23:18:09
 The /CONFIG,NOELDB command is not valid in a Distributed ANSYS          
 solution.  Command is ignored.                                          

 *GET  _WALLSTRT  FROM  ACTI  ITEM=TIME WALL  VALUE=  23.3025000    

 TITLE= 
 Project 2_dp1--Modal (C5)                                                     

  ACT Extensions:
      LSDYNA, 2021.1
      5f463412-bd3e-484b-87e7-cbc0a665e474, wbex
  

 SET PARAMETER DIMENSIONS ON  _WB_PROJECTSCRATCH_DIR
  TYPE=STRI  DIMENSIONS=      248        1        1

 PARAMETER _WB_PROJECTSCRATCH_DIR(1) = C:\Users\CJ\PycharmProjects\DesignOptimization2021Fall\Project\Project 2 Ansys\_ProjectScratch\Scr182D\

 SET PARAMETER DIMENSIONS ON  _WB_SOLVERFILES_DIR
  TYPE=STRI  DIMENSIONS=      248        1        1

 PARAMETER _WB_SOLVERFILES_DIR(1) = C:\Users\CJ\PycharmProjects\DesignOptimization2021Fall\Project\Project 2 Ansys\Project 2_dp1_files\dp1\SYS-1\MECH\

 SET PARAMETER DIMENSIONS ON  _WB_USERFILES_DIR
  TYPE=STRI  DIMENSIONS=      248        1        1

 PARAMETER _WB_USERFILES_DIR(1) = C:\Users\CJ\PycharmProjects\DesignOptimization2021Fall\Project\Project 2 Ansys\Project 2_dp1_files\user_files\
 --- Data in consistent NMM units. See Solving Units in the help system for more

 MPA UNITS SPECIFIED FOR INTERNAL    
  LENGTH      = MILLIMETERS (mm)
  MASS        = TONNE (Mg)
  TIME        = SECONDS (sec)
  TEMPERATURE = CELSIUS (C)
  TOFFSET     = 273.0
  FORCE       = NEWTON (N)
  HEAT        = MILLIJOULES (mJ)

 INPUT  UNITS ARE ALSO SET TO MPA 

 *** ANSYS - ENGINEERING ANALYSIS SYSTEM  RELEASE 2021 R2          21.2     ***
 DISTRIBUTED Ansys Mechanical Enterprise Academic Student      

 00000000  VERSION=WINDOWS x64   23:18:09  NOV 13, 2021 CP=      0.234

 Project 2_dp1--Modal (C5)                                                     



          ***** ANSYS ANALYSIS DEFINITION (PREP7) *****
 *********** Nodes for the whole assembly ***********
 *********** Elements for Body 1 "Solid" ***********
 *********** Send User Defined Coordinate System(s) ***********
 *********** Set Reference Temperature ***********
 *********** Send Materials ***********


 ***** ROUTINE COMPLETED *****  CP =         0.359


 --- Number of total nodes = 8380
 --- Number of contact elements = 0
 --- Number of spring elements = 0
 --- Number of bearing elements = 0
 --- Number of solid elements = 4311
 --- Number of condensed parts = 0
 --- Number of total elements = 4311

 *GET  _WALLBSOL  FROM  ACTI  ITEM=TIME WALL  VALUE=  23.3025000    

 *****  ANSYS SOLUTION ROUTINE  *****


 PERFORM A MODAL ANALYSIS
  THIS WILL BE A NEW ANALYSIS

 PARAMETER _THICKRATIO =     1.000000000    


 USE SYM. BLOCK LANCZOS MODE EXTRACTION METHOD
  EXTRACT    10 MODES
  NORMALIZE THE MODE SHAPES TO THE MASS MATRIX

 ERASE THE CURRENT DATABASE OUTPUT CONTROL TABLE.


 WRITE ALL  ITEMS TO THE DATABASE WITH A FREQUENCY OF NONE
   FOR ALL APPLICABLE ENTITIES

 WRITE NSOL ITEMS TO THE DATABASE WITH A FREQUENCY OF ALL 
   FOR ALL APPLICABLE ENTITIES

 WRITE ETMP ITEMS TO THE DATABASE WITH A FREQUENCY OF ALL 
   FOR ALL APPLICABLE ENTITIES


 EXPAND ALL EXTRACTED MODES
  DO NOT CALCULATE ELEMENT RESULTS

 DO NOT COMBINE ELEMENT SAVE DATA FILES (.esav) AFTER DISTRIBUTED PARALLEL SOLUTION

 DO NOT COMBINE ELEMENT MATRIX FILES (.emat) AFTER DISTRIBUTED PARALLEL SOLUTION

 DO NOT COMBINE ASSEMBLED MATRIX FILES (.full) AFTER DISTRIBUTED PARALLEL SOLUTION

 *GET  ANSINTER_  FROM  ACTI  ITEM=INT        VALUE=  0.00000000    

 *IF  ANSINTER_                         ( =   0.00000     )  NE  
      0                                 ( =   0.00000     )  THEN    

 *ENDIF

 *** NOTE ***                            CP =       0.484   TIME= 23:18:09
 The automatic domain decomposition logic has selected the MESH domain   
 decomposition method with 4 processes per solution.                     

 *****  ANSYS SOLVE    COMMAND  *****

 *** WARNING ***                         CP =       0.484   TIME= 23:18:09
 Element shape checking is currently inactive.  Issue SHPP,ON or         
 SHPP,WARN to reactivate, if desired.                                    

 *** NOTE ***                            CP =       0.484   TIME= 23:18:09
 The model data was checked and warning messages were found.             
  Please review output or errors file (                                  
 C:\Users\CJ\PycharmProjects\DesignOptimization2021Fall\Project\Project  
 2 Ansys\_ProjectScratch\Scr182D\file0.err ) for these warning           
 messages.                                                               

 *** SELECTION OF ELEMENT TECHNOLOGIES FOR APPLICABLE ELEMENTS ***
      --- GIVE SUGGESTIONS AND RESET THE KEY OPTIONS ---

 ELEMENT TYPE         1 IS SOLID187. IT IS NOT ASSOCIATED WITH FULLY INCOMPRESSIBLE
 HYPERELASTIC MATERIALS. NO SUGGESTION IS AVAILABLE AND NO RESETTING IS NEEDED.



 *** ANSYS - ENGINEERING ANALYSIS SYSTEM  RELEASE 2021 R2          21.2     ***
 DISTRIBUTED Ansys Mechanical Enterprise Academic Student      

 00000000  VERSION=WINDOWS x64   23:18:09  NOV 13, 2021 CP=      0.484

 Project 2_dp1--Modal (C5)                                                     



                       S O L U T I O N   O P T I O N S

   PROBLEM DIMENSIONALITY. . . . . . . . . . . . .3-D                  
   DEGREES OF FREEDOM. . . . . . UX   UY   UZ  
   ANALYSIS TYPE . . . . . . . . . . . . . . . . .MODAL                
      EXTRACTION METHOD. . . . . . . . . . . . . .BLOCK LANCZOS
   OFFSET TEMPERATURE FROM ABSOLUTE ZERO . . . . .  273.15    
   NUMBER OF MODES TO EXTRACT. . . . . . . . . . .    10
   GLOBALLY ASSEMBLED MATRIX . . . . . . . . . . .SYMMETRIC  
   NUMBER OF MODES TO EXPAND . . . . . . . . . . .ALL
   ELEMENT RESULTS CALCULATION . . . . . . . . . .OFF

 *** WARNING ***                         CP =       0.484   TIME= 23:18:09
 No constraints have been defined using the D command.                   

 *** NOTE ***                            CP =       0.484   TIME= 23:18:09
 The step data was checked and warning messages were found.              
  Please review output or errors file (                                  
 C:\Users\CJ\PycharmProjects\DesignOptimization2021Fall\Project\Project  
 2 Ansys\_ProjectScratch\Scr182D\file0.err ) for these warning           
 messages.                                                               

 *** NOTE ***                            CP =       0.484   TIME= 23:18:09
 The conditions for direct assembly have been met.  No .emat or .erot    
 files will be produced.                                                 

  
  
     D I S T R I B U T E D   D O M A I N   D E C O M P O S E R
  
  ...Number of elements: 4311
  ...Number of nodes:    8380
  ...Decompose to 4 CPU domains
  ...Element load balance ratio =     1.001


                      L O A D   S T E P   O P T I O N S

   LOAD STEP NUMBER. . . . . . . . . . . . . . . .     1
   THERMAL STRAINS INCLUDED IN THE LOAD VECTOR . .   YES
   PRINT OUTPUT CONTROLS . . . . . . . . . . . . .NO PRINTOUT
   DATABASE OUTPUT CONTROLS
      ITEM     FREQUENCY   COMPONENT
       ALL       NONE               
      NSOL        ALL               
      ETMP        ALL               



                         ***********  PRECISE MASS SUMMARY  ***********

   TOTAL RIGID BODY MASS MATRIX ABOUT ORIGIN
               Translational mass               |   Coupled translational/rotational mass
        0.55945E-02    0.0000        0.0000     |     0.0000      -0.29597E-07  -0.10850    
         0.0000       0.55945E-02    0.0000     |    0.29597E-07    0.0000      -0.77422E-07
         0.0000        0.0000       0.55945E-02 |    0.10850       0.77422E-07    0.0000    
     ------------------------------------------ | ------------------------------------------
                                                |         Rotational mass (inertia)
                                                |     30.861       0.12727E-06  -0.20762E-04
                                                |    0.12727E-06    53.742      -0.43828E-05
                                                |   -0.20762E-04  -0.43828E-05    30.861    

   TOTAL MASS = 0.55945E-02
     The mass principal axes coincide with the global Cartesian axes

   CENTER OF MASS (X,Y,Z)=  -0.13839E-04    19.393      -0.52904E-05

   TOTAL INERTIA ABOUT CENTER OF MASS
         28.757      -0.13742E-05  -0.20762E-04
       -0.13742E-05    53.742      -0.49568E-05
       -0.20762E-04  -0.49568E-05    28.757    
     The inertia principal axes coincide with the global Cartesian axes


  *** MASS SUMMARY BY ELEMENT TYPE ***

  TYPE      MASS
     1  0.559451E-02

 Range of element maximum matrix coefficients in global coordinates
 Maximum = 14796161.3 at element 4288.                                   
 Minimum = 251900.883 at element 2772.                                   

   *** ELEMENT MATRIX FORMULATION TIMES
     TYPE    NUMBER   ENAME      TOTAL CP  AVE CP

        1      4311  SOLID187      0.422   0.000098
 Time at end of element matrix formulation CP = 0.984375.                

  BLOCK LANCZOS CALCULATION OF UP TO    10 EIGENVECTORS.
  NUMBER OF EQUATIONS              =        25140
  MAXIMUM WAVEFRONT                =          261
  MAXIMUM MODES STORED             =           10
  MINIMUM EIGENVALUE               =  0.00000E+00
  MAXIMUM EIGENVALUE               =  0.10000E+31


  Local memory allocated for solver              =     27.869 MB
  Local memory required for in-core solution     =     26.568 MB
  Local memory required for out-of-core solution =     14.148 MB

  Total memory allocated for solver              =    107.214 MB
  Total memory required for in-core solution     =    102.210 MB
  Total memory required for out-of-core solution =     54.463 MB

 *** NOTE ***                            CP =       1.422   TIME= 23:18:09
 The Distributed Sparse Matrix Solver used by the Block Lanczos          
 eigensolver is currently running in the in-core memory mode.  This      
 memory mode uses the most amount of memory in order to avoid using the  
 hard drive as much as possible, which most often results in the         
 fastest solution time.  This mode is recommended if enough physical     
 memory is present to accommodate all of the solver data.                

 *** ANSYS - ENGINEERING ANALYSIS SYSTEM  RELEASE 2021 R2          21.2     ***
 DISTRIBUTED Ansys Mechanical Enterprise Academic Student      

 00000000  VERSION=WINDOWS x64   23:18:10  NOV 13, 2021 CP=      1.672

 Project 2_dp1--Modal (C5)                                                     


 NEGATIVE FREQUENCY OF -0.3241E-02 SET TO ZERO
 NEGATIVE FREQUENCY OF -0.2982E-02 SET TO ZERO

 *** FREQUENCIES FROM BLOCK LANCZOS ITERATION ***

  MODE    FREQUENCY (HERTZ)      


    1     0.000000000000    
    2     0.000000000000    
    3    0.2912336269089E-03
    4    0.1515550082792E-02
    5    0.1871168983628E-02
    6    0.4298127900815E-02
    7     1235.509511161    
    8     1236.638472488    
    9     2512.584186142    
   10     2529.456775331    

 *** ANSYS - ENGINEERING ANALYSIS SYSTEM  RELEASE 2021 R2          21.2     ***
 DISTRIBUTED Ansys Mechanical Enterprise Academic Student      

 00000000  VERSION=WINDOWS x64   23:18:10  NOV 13, 2021 CP=      1.703

 Project 2_dp1--Modal (C5)                                                     





          ***** PARTICIPATION FACTOR CALCULATION *****  X  DIRECTION
                                                                                  CUMULATIVE     RATIO EFF.MASS
  MODE   FREQUENCY       PERIOD      PARTIC.FACTOR     RATIO    EFFECTIVE MASS   MASS FRACTION   TO TOTAL MASS
     1     0.00000        0.0000       0.47472E-01    1.000000    0.225360E-02    0.402824        0.402824    
     2     0.00000        0.0000      -0.32017E-01    0.674443    0.102510E-02    0.586058        0.183234    
     3    0.291234E-03    3433.7      -0.11552E-01    0.243351    0.133458E-03    0.609913        0.238551E-01
     4    0.151555E-02    659.83      -0.18752E-01    0.395017    0.351650E-03    0.672770        0.628562E-01
     5    0.187117E-02    534.43       0.97997E-02    0.206431    0.960341E-04    0.689935        0.171658E-01
     6    0.429813E-02    232.66       0.41649E-01    0.877341    0.173466E-02     1.00000        0.310065    
     7     1235.51       0.80938E-03    0.0000        0.000000     0.00000         1.00000         0.00000    
     8     1236.64       0.80864E-03    0.0000        0.000000     0.00000         1.00000         0.00000    
     9     2512.58       0.39800E-03    0.0000        0.000000     0.00000         1.00000         0.00000    
    10     2529.46       0.39534E-03    0.0000        0.000000     0.00000         1.00000         0.00000    
 -----------------------------------------------------------------------------------------------------------------
   sum                                                            0.559451E-02                     1.00000    
 -----------------------------------------------------------------------------------------------------------------



          ***** PARTICIPATION FACTOR CALCULATION *****  Y  DIRECTION
                                                                                  CUMULATIVE     RATIO EFF.MASS
  MODE   FREQUENCY       PERIOD      PARTIC.FACTOR     RATIO    EFFECTIVE MASS   MASS FRACTION   TO TOTAL MASS
     1     0.00000        0.0000       0.13202E-01    0.202660    0.174302E-03    0.311558E-01    0.311558E-01
     2     0.00000        0.0000       0.85302E-02    0.130941    0.727641E-04    0.441622E-01    0.130063E-01
     3    0.291234E-03    3433.7       0.65145E-01    1.000000    0.424389E-02    0.802744        0.758582    
     4    0.151555E-02    659.83       0.20587E-03    0.003160    0.423805E-07    0.802752        0.757537E-05
     5    0.187117E-02    534.43       0.33167E-01    0.509117    0.110002E-02    0.999376        0.196624    
     6    0.429813E-02    232.66       0.18678E-02    0.028671    0.348854E-05     1.00000        0.623565E-03
     7     1235.51       0.80938E-03    0.0000        0.000000     0.00000         1.00000         0.00000    
     8     1236.64       0.80864E-03    0.0000        0.000000     0.00000         1.00000         0.00000    
     9     2512.58       0.39800E-03    0.0000        0.000000     0.00000         1.00000         0.00000    
    10     2529.46       0.39534E-03    0.0000        0.000000     0.00000         1.00000         0.00000    
 -----------------------------------------------------------------------------------------------------------------
   sum                                                            0.559451E-02                     1.00000    
 -----------------------------------------------------------------------------------------------------------------



          ***** PARTICIPATION FACTOR CALCULATION *****  Z  DIRECTION
                                                                                  CUMULATIVE     RATIO EFF.MASS
  MODE   FREQUENCY       PERIOD      PARTIC.FACTOR     RATIO    EFFECTIVE MASS   MASS FRACTION   TO TOTAL MASS
     1     0.00000        0.0000      -0.45475E-01    1.000000    0.206799E-02    0.369647        0.369647    
     2     0.00000        0.0000      -0.21166E-01    0.465439    0.447997E-03    0.449725        0.800780E-01
     3    0.291234E-03    3433.7      -0.85782E-02    0.188634    0.735848E-04    0.462878        0.131530E-01
     4    0.151555E-02    659.83       0.20454E-01    0.449783    0.418364E-03    0.537659        0.747811E-01
     5    0.187117E-02    534.43       0.38389E-01    0.844179    0.147373E-02    0.801084        0.263425    
     6    0.429813E-02    232.66       0.33359E-01    0.733571    0.111284E-02     1.00000        0.198916    
     7     1235.51       0.80938E-03    0.0000        0.000000     0.00000         1.00000         0.00000    
     8     1236.64       0.80864E-03    0.0000        0.000000     0.00000         1.00000         0.00000    
     9     2512.58       0.39800E-03    0.0000        0.000000     0.00000         1.00000         0.00000    
    10     2529.46       0.39534E-03    0.0000        0.000000     0.00000         1.00000         0.00000    
 -----------------------------------------------------------------------------------------------------------------
   sum                                                            0.559451E-02                     1.00000    
 -----------------------------------------------------------------------------------------------------------------



          ***** PARTICIPATION FACTOR CALCULATION *****ROTX DIRECTION
                                                                                  CUMULATIVE     RATIO EFF.MASS
  MODE   FREQUENCY       PERIOD      PARTIC.FACTOR     RATIO    EFFECTIVE MASS   MASS FRACTION   TO TOTAL MASS
     1     0.00000        0.0000       0.59942        0.139089    0.359302        0.116427E-01    0.116427E-01
     2     0.00000        0.0000        2.0534        0.476479     4.21660        0.148276        0.136633    
     3    0.291234E-03    3433.7      -0.42861        0.099455    0.183709        0.154229        0.595282E-02
     4    0.151555E-02    659.83        4.3096        1.000000     18.5727        0.756050        0.601822    
     5    0.187117E-02    534.43      -0.10601        0.024599    0.112382E-01    0.756414        0.364158E-03
     6    0.429813E-02    232.66        2.7418        0.636197     7.51725         1.00000        0.243586    
     7     1235.51       0.80938E-03    0.0000        0.000000     0.00000         1.00000         0.00000    
     8     1236.64       0.80864E-03    0.0000        0.000000     0.00000         1.00000         0.00000    
     9     2512.58       0.39800E-03    0.0000        0.000000     0.00000         1.00000         0.00000    
    10     2529.46       0.39534E-03    0.0000        0.000000     0.00000         1.00000         0.00000    
 -----------------------------------------------------------------------------------------------------------------
   sum                                                             30.8608                         1.00000    
 -----------------------------------------------------------------------------------------------------------------



          ***** PARTICIPATION FACTOR CALCULATION *****ROTY DIRECTION
                                                                                  CUMULATIVE     RATIO EFF.MASS
  MODE   FREQUENCY       PERIOD      PARTIC.FACTOR     RATIO    EFFECTIVE MASS   MASS FRACTION   TO TOTAL MASS
     1     0.00000        0.0000       -1.4224        0.290279     2.02311        0.376449E-01    0.376449E-01
     2     0.00000        0.0000       -3.7066        0.756446     13.7386        0.293286        0.255641    
     3    0.291234E-03    3433.7        3.2242        0.658014     10.3958        0.486725        0.193439    
     4    0.151555E-02    659.83        1.2771        0.260642     1.63108        0.517075        0.303503E-01
     5    0.187117E-02    534.43       -4.9000        1.000000     24.0097        0.963835        0.446760    
     6    0.429813E-02    232.66        1.3941        0.284515     1.94356         1.00000        0.361647E-01
     7     1235.51       0.80938E-03    0.0000        0.000000     0.00000         1.00000         0.00000    
     8     1236.64       0.80864E-03    0.0000        0.000000     0.00000         1.00000         0.00000    
     9     2512.58       0.39800E-03    0.0000        0.000000     0.00000         1.00000         0.00000    
    10     2529.46       0.39534E-03    0.0000        0.000000     0.00000         1.00000         0.00000    
 -----------------------------------------------------------------------------------------------------------------
   sum                                                             53.7419                         1.00000    
 -----------------------------------------------------------------------------------------------------------------



          ***** PARTICIPATION FACTOR CALCULATION *****ROTZ DIRECTION
                                                                                  CUMULATIVE     RATIO EFF.MASS
  MODE   FREQUENCY       PERIOD      PARTIC.FACTOR     RATIO    EFFECTIVE MASS   MASS FRACTION   TO TOTAL MASS
     1     0.00000        0.0000       0.61887        0.164905    0.383000        0.124106E-01    0.124106E-01
     2     0.00000        0.0000       -2.0972        0.558834     4.39841        0.154935        0.142524    
     3    0.291234E-03    3433.7      -0.27265        0.072650    0.743361E-01    0.157343        0.240875E-02
     4    0.151555E-02    659.83        3.2987        0.878989     10.8817        0.509949        0.352606    
     5    0.187117E-02    534.43        1.0194        0.271642     1.03926        0.543625        0.336756E-01
     6    0.429813E-02    232.66       -3.7529        1.000000     14.0841         1.00000        0.456375    
     7     1235.51       0.80938E-03    0.0000        0.000000     0.00000         1.00000         0.00000    
     8     1236.64       0.80864E-03    0.0000        0.000000     0.00000         1.00000         0.00000    
     9     2512.58       0.39800E-03    0.0000        0.000000     0.00000         1.00000         0.00000    
    10     2529.46       0.39534E-03    0.0000        0.000000     0.00000         1.00000         0.00000    
 -----------------------------------------------------------------------------------------------------------------
   sum                                                             30.8608                         1.00000    
 -----------------------------------------------------------------------------------------------------------------





 *** NOTE ***                            CP =       1.703   TIME= 23:18:10
 The modes requested are mass normalized (Nrmkey on MODOPT).  However,   
 the modal masses and kinetic energies below are calculated with unit    
 normalized modes.                                                       

        ***** MODAL MASSES, KINETIC ENERGIES, AND TRANSLATIONAL EFFECTIVE MASSES SUMMARY *****

                                                                         EFFECTIVE MASS
  MODE  FREQUENCY   MODAL MASS     KENE      |      X-DIR      RATIO%   Y-DIR      RATIO%   Z-DIR      RATIO% 
     1   0.000      0.6056E-02   0.000       |    0.2254E-02   40.28  0.1743E-03    3.12  0.2068E-02   36.96
     2   0.000      0.3323E-02   0.000       |    0.1025E-02   18.32  0.7276E-04    1.30  0.4480E-03    8.01
     3  0.2912E-03  0.5053E-02  0.8460E-08   |    0.1335E-03    2.39  0.4244E-02   75.86  0.7358E-04    1.32
     4  0.1516E-02  0.2238E-02  0.1015E-06   |    0.3516E-03    6.29  0.4238E-07    0.00  0.4184E-03    7.48
     5  0.1871E-02  0.3012E-02  0.2082E-06   |    0.9603E-04    1.72  0.1100E-02   19.66  0.1474E-02   26.34
     6  0.4298E-02  0.3944E-02  0.1438E-05   |    0.1735E-02   31.01  0.3489E-05    0.06  0.1113E-02   19.89
     7   1236.      0.1890E-02  0.5693E+05   |     0.000        0.00   0.000        0.00   0.000        0.00
     8   1237.      0.1896E-02  0.5725E+05   |     0.000        0.00   0.000        0.00   0.000        0.00
     9   2513.      0.2491E-02  0.3104E+06   |     0.000        0.00   0.000        0.00   0.000        0.00
    10   2529.      0.1475E-02  0.1863E+06   |     0.000        0.00   0.000        0.00   0.000        0.00
 --------------------------------------------------------------------------------------------------------------
   sum                                       |    0.5595E-02  100.00  0.5595E-02  100.00  0.5595E-02  100.00
 --------------------------------------------------------------------------------------------------------------


 *** ANSYS BINARY FILE STATISTICS
  BUFFER SIZE USED= 16384
        4.375 MB WRITTEN ON ASSEMBLED MATRIX FILE: file0.full
        0.688 MB WRITTEN ON MODAL MATRIX FILE: file0.mode
        1.188 MB WRITTEN ON RESULTS FILE: file0.rst
 *************** Write FE CONNECTORS *********

 WRITE OUT CONSTRAINT EQUATIONS TO FILE= file.ce                                                                                                                                                                                                                                                             

 *GET  _NMODALSOLPROC  FROM  ACTI  ITEM=NUMC       VALUE=  4.00000000    

 FINISH SOLUTION PROCESSING


 ***** ROUTINE COMPLETED *****  CP =         1.750



 PRINTOUT RESUMED BY /GOP

 *GET  _WALLASOL  FROM  ACTI  ITEM=TIME WALL  VALUE=  23.3027778    

 *** ANSYS - ENGINEERING ANALYSIS SYSTEM  RELEASE 2021 R2          21.2     ***
 DISTRIBUTED Ansys Mechanical Enterprise Academic Student      

 00000000  VERSION=WINDOWS x64   23:18:10  NOV 13, 2021 CP=      1.766

 Project 2_dp1--Modal (C5)                                                     



          ***** ANSYS RESULTS INTERPRETATION (POST1) *****

 *** NOTE ***                            CP =       1.766   TIME= 23:18:10
 Reading results into the database (SET command) will update the current 
 displacement and force boundary conditions in the database with the     
 values from the results file for that load set.  Note that any          
 subsequent solutions will use these values unless action is taken to    
 either SAVE the current values or not overwrite them (/EXIT,NOSAVE).    

 PRINTOUT RESUMED BY /GOP

 Set Encoding of XML File to:ISO-8859-1

 Set Output of XML File to:
     PARM,     ,     ,     ,     ,     ,     ,     ,     ,     ,     ,     ,
         ,     ,     ,     ,     ,     ,     ,

 DATABASE WRITTEN ON FILE  parm.xml                                                                                                                                                                                                                                                            

 EXIT THE ANSYS POST1 DATABASE PROCESSOR


 ***** ROUTINE COMPLETED *****  CP =         1.828



 PRINTOUT RESUMED BY /GOP

 *GET  _WALLDONE  FROM  ACTI  ITEM=TIME WALL  VALUE=  23.3027778    

 PARAMETER _PREPTIME =     0.000000000    

 PARAMETER _SOLVTIME =     1.000000000    

 PARAMETER _POSTTIME =     0.000000000    

 PARAMETER _TOTALTIM =     1.000000000    

 *GET  _DLBRATIO  FROM  ACTI  ITEM=SOLU DLBR  VALUE=  1.00092851    

 *GET  _COMBTIME  FROM  ACTI  ITEM=SOLU COMB  VALUE= 0.279470000E-01

 *GET  _SSMODE   FROM  ACTI  ITEM=SOLU SSMM  VALUE=  2.00000000    

 *GET  _NDOFS    FROM  ACTI  ITEM=SOLU NDOF  VALUE=  25140.0000    
 --- Total number of nodes = 8380
 --- Total number of elements = 4311
 --- Element load balance ratio = 1.00092851
 --- Time to combine distributed files = 2.7947E-02
 --- Sparse memory mode = 2
 --- Number of DOF = 25140

 EXIT ANSYS WITHOUT SAVING DATABASE


 NUMBER OF WARNING MESSAGES ENCOUNTERED=          2
 NUMBER OF ERROR   MESSAGES ENCOUNTERED=          0

+--------- D I S T R I B U T E D   A N S Y S   S T A T I S T I C S ------------+

Release: 2021 R2            Build: 21.2       Update: UP20210601   Platform: WINDOWS x64 
Date Run: 11/13/2021   Time: 23:18     Process ID: 5724
Operating System: Windows 10  (Build: 19042)

Processor Model: Intel(R) Core(TM) i7-8700K CPU @ 3.70GHz

Compiler: Intel(R) FORTRAN Compiler Version 19.0.0  (Build: 20190206)
          Intel(R) C/C++ Compiler Version 19.0.0  (Build: 20190206)
          Intel(R) Math Kernel Library Version 2020.0.0 Product Build 20191125
          BLAS Library supplied by Intel(R) MKL

Number of machines requested            :    1
Total number of cores available         :   12
Number of physical cores available      :    6
Number of processes requested           :    4
Number of threads per process requested :    1
Total number of cores requested         :    4 (Distributed Memory Parallel)               
MPI Type: INTELMPI
MPI Version: Intel(R) MPI Library 2019 Update 9 for Windows* OS


GPU Acceleration: Not Requested

Job Name: file0
Input File: dummy.dat

  Core                Machine Name   Working Directory
 -----------------------------------------------------
     0             DESKTOP-MEC6BLA   C:\Users\CJ\PycharmProjects\DesignOptimization2021Fall\Project\Project 2 Ansys\_ProjectScratch\Scr182D
     1             DESKTOP-MEC6BLA   C:\Users\CJ\PycharmProjects\DesignOptimization2021Fall\Project\Project 2 Ansys\_ProjectScratch\Scr182D
     2             DESKTOP-MEC6BLA   C:\Users\CJ\PycharmProjects\DesignOptimization2021Fall\Project\Project 2 Ansys\_ProjectScratch\Scr182D
     3             DESKTOP-MEC6BLA   C:\Users\CJ\PycharmProjects\DesignOptimization2021Fall\Project\Project 2 Ansys\_ProjectScratch\Scr182D
 
Latency time from master to core     1 =    2.978 microseconds
Latency time from master to core     2 =    2.943 microseconds
Latency time from master to core     3 =    3.005 microseconds
 
Communication speed from master to core     1 =  8052.42 MB/sec
Communication speed from master to core     2 =  5913.57 MB/sec
Communication speed from master to core     3 =  7649.65 MB/sec

Total CPU time for main thread                    :        1.3 seconds
Total CPU time summed for all threads             :        2.3 seconds

Elapsed time spent obtaining a license            :        3.5 seconds
Elapsed time spent pre-processing model (/PREP7)  :        0.0 seconds
Elapsed time spent solution - preprocessing       :        0.0 seconds
Elapsed time spent computing solution             :        0.6 seconds
Elapsed time spent solution - postprocessing      :        0.0 seconds
Elapsed time spent post-processing model (/POST1) :        0.0 seconds
 
Eigensolver used                                  :            Block Lanczos
Equation solver computational rate                :       51.6 Gflops

Maximum total memory used                         :      591.0 MB
Maximum total memory allocated                    :     5184.0 MB
Total physical memory available                   :         16 GB

Total amount of I/O written to disk               :        0.0 GB
Total amount of I/O read from disk                :        0.0 GB

+------ E N D   D I S T R I B U T E D   A N S Y S   S T A T I S T I C S -------+


 *---------------------------------------------------------------------------*
 |                                                                           |
 |                       DISTRIBUTED ANSYS RUN COMPLETED                     |
 |                                                                           |
 |---------------------------------------------------------------------------|
 |                                                                           |
 | Ansys 2021 R2               Build 21.2         UP20210601     WINDOWS x64 |
 |                                                                           |
 |---------------------------------------------------------------------------|
 |                                                                           |
 | Database Requested(-db)  1024 MB    Scratch Memory Requested      1024 MB |
 | Maximum Database Used       5 MB    Maximum Scratch Memory Used    147 MB |
 |                                                                           |
 |---------------------------------------------------------------------------|
 |                                                                           |
 |        CP Time      (sec) =          2.344       Time  =  23:18:11        |
 |        Elapsed Time (sec) =          7.000       Date  =  11/13/2021      |
 |                                                                           |
 *---------------------------------------------------------------------------*
