__________________________________________________________________________________________________________________________________
                                                          P4                                                                      
__________________________________________________________________________________________________________________________________
Generation 12

Rank = 1 , Polynomial Regression
 member 0, weight = 1,Polynomial Regression, Polynomial Type = Full Quadratic, Output Transformation Type = Yeo-Johnson, Confidence Level = 0.05
 GOFs: RMSE = 0.71669, PRESS_RMSE = 6.76572, PRESS_R2 = 0.998617, PRESS_RMAE = 0.112588, PRESS_RAAE = 0.0218794



__________________________________________________________________________________________________________________________________
                                                          P5                                                                      
__________________________________________________________________________________________________________________________________
Generation 12

Rank = 1 ,  Ensemble Genome , 5 Members :
 member 0, weight = 0.004658, Moving Least Squares, Weighting Function Type = Rational, Polynomial Type = Full Quadratic
 member 1, weight = 0.20992, Support Vector Regression, Epsilon Value = 0.157743, Support Vector Kernel Type = Gaussian, Loss Function Type = Laplace
 member 2, weight = 0.38995,  Kriging, Kernel Type = Thin Plate Spline, Kernel Variation Type = Isotropic, Regression Type = Linear
 member 3, weight = 0.3908,  Kriging, Kernel Type = Matern 5/2, Kernel Variation Type = Isotropic, Regression Type = Linear
 member 4, weight = 0.004678, Moving Least Squares, Weighting Function Type = Wend Land, Polynomial Type = Full Quadratic
 GOFs: RMSE = 0.103224, PRESS_RMSE = 4.91432, PRESS_R2 = 0, PRESS_RMAE = 2.15085, PRESS_RAAE = 1.00868



__________________________________________________________________________________________________________________________________
                                                          P6                                                                      
__________________________________________________________________________________________________________________________________
Generation 12

Rank = 1 , Polynomial Regression
 member 0, weight = 1,Polynomial Regression, Polynomial Type = Pure Quadratic, Output Transformation Type = Box-Cox, Confidence Level = 0.05
 GOFs: RMSE = 1.30337, PRESS_RMSE = 2.2423, PRESS_R2 = 0.988277, PRESS_RMAE = 0.225907, PRESS_RAAE = 0.0853639



__________________________________________________________________________________________________________________________________
                                                          P7                                                                      
__________________________________________________________________________________________________________________________________
Generation 12

Rank = 1 , Polynomial Regression
 member 0, weight = 1,Polynomial Regression, Polynomial Type = Full Quadratic, Output Transformation Type = Yeo-Johnson, Confidence Level = 0.05
 GOFs: RMSE = 35.2536, PRESS_RMSE = 405.416, PRESS_R2 = 0.999997, PRESS_RMAE = 0.00536068, PRESS_RAAE = 0.000897649



