
 Ansys Mechanical Enterprise Academic Student      


 *------------------------------------------------------------------*
 |                                                                  |
 |   W E L C O M E   T O   T H E   A N S Y S (R)  P R O G R A M     |
 |                                                                  |
 *------------------------------------------------------------------*




 ***************************************************************
 *            ANSYS 2021 R2          LEGAL NOTICES             *
 ***************************************************************
 *                                                             *
 * Copyright 1971-2021 ANSYS, Inc.  All rights reserved.       *
 * Unauthorized use, distribution or duplication is            *
 * prohibited.                                                 *
 *                                                             *
 * Ansys is a registered trademark of ANSYS, Inc. or its       *
 * subsidiaries in the United States or other countries.       *
 * See the ANSYS, Inc. online documentation or the ANSYS, Inc. *
 * documentation CD or online help for the complete Legal      *
 * Notice.                                                     *
 *                                                             *
 ***************************************************************
 *                                                             *
 * THIS ANSYS SOFTWARE PRODUCT AND PROGRAM DOCUMENTATION       *
 * INCLUDE TRADE SECRETS AND CONFIDENTIAL AND PROPRIETARY      *
 * PRODUCTS OF ANSYS, INC., ITS SUBSIDIARIES, OR LICENSORS.    *
 * The software products and documentation are furnished by    *
 * ANSYS, Inc. or its subsidiaries under a software license    *
 * agreement that contains provisions concerning               *
 * non-disclosure, copying, length and nature of use,          *
 * compliance with exporting laws, warranties, disclaimers,    *
 * limitations of liability, and remedies, and other           *
 * provisions.  The software products and documentation may be *
 * used, disclosed, transferred, or copied only in accordance  *
 * with the terms and conditions of that software license      *
 * agreement.                                                  *
 *                                                             *
 * ANSYS, Inc. is a UL registered                              *
 * ISO 9001:2015 company.                                      *
 *                                                             *
 ***************************************************************
 *                                                             *
 * This product is subject to U.S. laws governing export and   *
 * re-export.                                                  *
 *                                                             *
 * For U.S. Government users, except as specifically granted   *
 * by the ANSYS, Inc. software license agreement, the use,     *
 * duplication, or disclosure by the United States Government  *
 * is subject to restrictions stated in the ANSYS, Inc.        *
 * software license agreement and FAR 12.212 (for non-DOD      *
 * licenses).                                                  *
 *                                                             *
 ***************************************************************

 2021 R2 
     
 Point Releases and Patches installed:   
     
 Academic Student 2021 R2
 Aqwa 2021 R2
 EnSight 2021 R2 
 FENSAP-ICE 2021 R2  


          *****  ANSYS COMMAND LINE ARGUMENTS  *****
  BATCH MODE REQUESTED (-b)    = NOLIST
  INPUT FILE COPY MODE (-c)    = COPY
  DISTRIBUTED MEMORY PARALLEL REQUESTED
       4 PARALLEL PROCESSES REQUESTED WITH SINGLE THREAD PER PROCESS
    TOTAL OF     4 CORES REQUESTED
  INPUT FILE NAME              = C:\Users\CJ\PycharmProjects\DesignOptimization2021Fall\Project\Project 2 Ansys\_ProjectScratch\ScrDF50\dummy.dat
  OUTPUT FILE NAME             = C:\Users\CJ\PycharmProjects\DesignOptimization2021Fall\Project\Project 2 Ansys\_ProjectScratch\ScrDF50\solve.out
  START-UP FILE MODE           = NOREAD
  STOP FILE MODE               = NOREAD

 RELEASE= 2021 R2              BUILD= 21.2      UP20210601   VERSION=WINDOWS x64 
 CURRENT JOBNAME=file0  15:55:07  NOV 13, 2021 CP=      0.172


 PARAMETER _DS_PROGRESS =     999.0000000    

 /INPUT FILE= ds.dat  LINE=       0



 *** NOTE ***                            CP =       0.250   TIME= 15:55:07
 The /CONFIG,NOELDB command is not valid in a Distributed ANSYS          
 solution.  Command is ignored.                                          

 *GET  _WALLSTRT  FROM  ACTI  ITEM=TIME WALL  VALUE=  15.9186111    

 TITLE= 
 Project 2--Static Structural (B5)                                             

  ACT Extensions:
      LSDYNA, 2021.1
      5f463412-bd3e-484b-87e7-cbc0a665e474, wbex
  

 SET PARAMETER DIMENSIONS ON  _WB_PROJECTSCRATCH_DIR
  TYPE=STRI  DIMENSIONS=      248        1        1

 PARAMETER _WB_PROJECTSCRATCH_DIR(1) = C:\Users\CJ\PycharmProjects\DesignOptimization2021Fall\Project\Project 2 Ansys\_ProjectScratch\ScrDF50\

 SET PARAMETER DIMENSIONS ON  _WB_SOLVERFILES_DIR
  TYPE=STRI  DIMENSIONS=      248        1        1

 PARAMETER _WB_SOLVERFILES_DIR(1) = C:\Users\CJ\PycharmProjects\DesignOptimization2021Fall\Project\Project 2 Ansys\Project 2_files\dp0\SYS\MECH\

 SET PARAMETER DIMENSIONS ON  _WB_USERFILES_DIR
  TYPE=STRI  DIMENSIONS=      248        1        1

 PARAMETER _WB_USERFILES_DIR(1) = C:\Users\CJ\PycharmProjects\DesignOptimization2021Fall\Project\Project 2 Ansys\Project 2_files\user_files\
 --- Data in consistent NMM units. See Solving Units in the help system for more

 MPA UNITS SPECIFIED FOR INTERNAL    
  LENGTH      = MILLIMETERS (mm)
  MASS        = TONNE (Mg)
  TIME        = SECONDS (sec)
  TEMPERATURE = CELSIUS (C)
  TOFFSET     = 273.0
  FORCE       = NEWTON (N)
  HEAT        = MILLIJOULES (mJ)

 INPUT  UNITS ARE ALSO SET TO MPA 

 *** ANSYS - ENGINEERING ANALYSIS SYSTEM  RELEASE 2021 R2          21.2     ***
 DISTRIBUTED Ansys Mechanical Enterprise Academic Student      

 00000000  VERSION=WINDOWS x64   15:55:07  NOV 13, 2021 CP=      0.250

 Project 2--Static Structural (B5)                                             



          ***** ANSYS ANALYSIS DEFINITION (PREP7) *****
 *********** Nodes for the whole assembly ***********
 *********** Nodes for all Remote Points ***********
 *********** Elements for Body 1 "Solid" ***********
 *********** Elements for Body 2 "Solid" ***********
 *********** Elements for Body 3 "Solid" ***********
 *********** Send User Defined Coordinate System(s) ***********
 *********** Set Reference Temperature ***********
 *********** Send Materials ***********
 *********** Create Contact "Contact Region" ***********
             Real Constant Set For Above Contact Is 5 & 4
 *********** Create Contact "Contact Region 2" ***********
             Real Constant Set For Above Contact Is 7 & 6
 *********** Create Contact "Frictional - Solid To Solid" ***********
             Real Constant Set For Above Contact Is 9 & 8
 *********** Create Contact "Frictional - Solid To Solid" ***********
             Real Constant Set For Above Contact Is 11 & 10
 ******* Constant Zero Displacement X *******
 ******* Constant Zero Displacement Z *******
 *********** Create Remote Point "Internal Remote Point 2" ***********
 *********** Create Joint "Revolute - Ground To Solid" ***********
             Real Constant Set For Above Joint Is 14
 *********** Define Pressure Using Surface Effect Elements "Pressure" **********
 *********** Define Pressure Using Surface Effect Elements "Pressure 2" ********
 *********** Define Rotational Velocity ***********


 ***** ROUTINE COMPLETED *****  CP =         0.438


 --- Number of total nodes = 6405
 --- Number of contact elements = 766
 --- Number of spring elements = 0
 --- Number of bearing elements = 0
 --- Number of solid elements = 3203
 --- Number of condensed parts = 0
 --- Number of total elements = 3971

 *GET  _WALLBSOL  FROM  ACTI  ITEM=TIME WALL  VALUE=  15.9186111    
 ****************************************************************************
 *************************    SOLUTION       ********************************
 ****************************************************************************

 *****  ANSYS SOLUTION ROUTINE  *****


 PERFORM A STATIC ANALYSIS
  THIS WILL BE A NEW ANALYSIS

 PARAMETER _THICKRATIO =    0.5000000000    

 USE SPARSE MATRIX DIRECT SOLVER

 CONTACT INFORMATION PRINTOUT LEVEL       1

 DO NOT COMBINE ELEMENT MATRIX FILES (.emat) AFTER DISTRIBUTED PARALLEL SOLUTION

 DO NOT COMBINE ELEMENT SAVE DATA FILES (.esav) AFTER DISTRIBUTED PARALLEL SOLUTION

 NLDIAG: Nonlinear diagnostics CONT option is set to ON. 
         Writing frequency : each ITERATION.

 DEFINE RESTART CONTROL FOR LOADSTEP LAST
 AT FREQUENCY OF LAST AND NUMBER FOR OVERWRITE IS   -1

 DELETE RESTART FILES OF ENDSTEP
 ****************************************************
 ******************* SOLVE FOR LS 1 OF 1 ****************

 SELECT       FOR ITEM=TYPE COMPONENT=    
  IN RANGE        15 TO         15 STEP          1

         35  ELEMENTS (OF       3971  DEFINED) SELECTED BY  ESEL  COMMAND.

 SELECT      ALL NODES HAVING ANY ELEMENT IN ELEMENT SET.

         98 NODES (OF       6405  DEFINED) SELECTED FROM
       35 SELECTED ELEMENTS BY NSLE COMMAND.

 GENERATE SURFACE LOAD PRES ON SURFACE DEFINED BY ALL SELECTED NODES
 VALUES=  10.4950000      0.00000000    

 NUMBER OF PRES ELEMENT FACE LOADS STORED =         35

 SELECT       FOR ITEM=TYPE COMPONENT=    
  IN RANGE        16 TO         16 STEP          1

         35  ELEMENTS (OF       3971  DEFINED) SELECTED BY  ESEL  COMMAND.

 SELECT      ALL NODES HAVING ANY ELEMENT IN ELEMENT SET.

         98 NODES (OF       6405  DEFINED) SELECTED FROM
       35 SELECTED ELEMENTS BY NSLE COMMAND.

 GENERATE SURFACE LOAD PRES ON SURFACE DEFINED BY ALL SELECTED NODES
 VALUES=  10.4950000      0.00000000    

 NUMBER OF PRES ELEMENT FACE LOADS STORED =         35

 ALL SELECT   FOR ITEM=NODE COMPONENT=    
  IN RANGE         1 TO       6405 STEP          1

       6405  NODES (OF       6405  DEFINED) SELECTED BY NSEL  COMMAND.

 ALL SELECT   FOR ITEM=ELEM COMPONENT=    
  IN RANGE         1 TO       8089 STEP          1

       3971  ELEMENTS (OF       3971  DEFINED) SELECTED BY  ESEL  COMMAND.

 CMOMEGA on component= cm_rotvelcity69                 
  OMEGAX, OMEGAY, OMEGAZ=   0.0000      250.00      0.0000    
  X1, Y1, Z1=   0.0000      0.0000      0.0000    

 ALL SELECT   FOR ITEM=ELEM COMPONENT=    
  IN RANGE         1 TO       8089 STEP          1

       3971  ELEMENTS (OF       3971  DEFINED) SELECTED BY  ESEL  COMMAND.

 PRINTOUT RESUMED BY /GOP

 USE AUTOMATIC TIME STEPPING THIS LOAD STEP

 USE       5 SUBSTEPS INITIALLY THIS LOAD STEP FOR ALL  DEGREES OF FREEDOM
 FOR AUTOMATIC TIME STEPPING:
   USE     20 SUBSTEPS AS A MAXIMUM
   USE      1 SUBSTEPS AS A MINIMUM

 TIME=  1.0000    

 ERASE THE CURRENT DATABASE OUTPUT CONTROL TABLE.


 WRITE ALL  ITEMS TO THE DATABASE WITH A FREQUENCY OF NONE
   FOR ALL APPLICABLE ENTITIES

 WRITE NSOL ITEMS TO THE DATABASE WITH A FREQUENCY OF ALL 
   FOR ALL APPLICABLE ENTITIES

 WRITE RSOL ITEMS TO THE DATABASE WITH A FREQUENCY OF ALL 
   FOR ALL APPLICABLE ENTITIES

 WRITE EANG ITEMS TO THE DATABASE WITH A FREQUENCY OF ALL 
   FOR ALL APPLICABLE ENTITIES

 WRITE ETMP ITEMS TO THE DATABASE WITH A FREQUENCY OF ALL 
   FOR ALL APPLICABLE ENTITIES

 WRITE VENG ITEMS TO THE DATABASE WITH A FREQUENCY OF ALL 
   FOR ALL APPLICABLE ENTITIES

 WRITE STRS ITEMS TO THE DATABASE WITH A FREQUENCY OF ALL 
   FOR ALL APPLICABLE ENTITIES

 WRITE EPEL ITEMS TO THE DATABASE WITH A FREQUENCY OF ALL 
   FOR ALL APPLICABLE ENTITIES

 WRITE EPPL ITEMS TO THE DATABASE WITH A FREQUENCY OF ALL 
   FOR ALL APPLICABLE ENTITIES

 WRITE CONT ITEMS TO THE DATABASE WITH A FREQUENCY OF ALL 
   FOR ALL APPLICABLE ENTITIES

 PRINTOUT RESUMED BY /GOP

 WRITE MISC ITEMS TO THE DATABASE WITH A FREQUENCY OF ALL 
   FOR THE ENTITIES DEFINED BY COMPONENT _ELMISC 

 *GET  ANSINTER_  FROM  ACTI  ITEM=INT        VALUE=  0.00000000    

 *IF  ANSINTER_                         ( =   0.00000     )  NE  
      0                                 ( =   0.00000     )  THEN    

 *ENDIF

 *** NOTE ***                            CP =       0.500   TIME= 15:55:07
 The automatic domain decomposition logic has selected the MESH domain   
 decomposition method with 4 processes per solution.                     

 *****  ANSYS SOLVE    COMMAND  *****

 *** WARNING ***                         CP =       0.562   TIME= 15:55:07
 Element shape checking is currently inactive.  Issue SHPP,ON or         
 SHPP,WARN to reactivate, if desired.                                    

 *** WARNING ***                         CP =       0.562   TIME= 15:55:07
 MPC184 elements are being used in the current analysis and the          
 NLGEOM,ON command has not been used.  Thus, only linearized behavior    
 will be considered.  If finite rotation and large deflection effects    
 are to be considered, please use the NLGEOM,ON command.                 

 *** NOTE ***                            CP =       0.562   TIME= 15:55:07
 The model data was checked and warning messages were found.             
  Please review output or errors file (                                  
 C:\Users\CJ\PycharmProjects\DesignOptimization2021Fall\Project\Project  
 2 Ansys\_ProjectScratch\ScrDF50\file0.err ) for these warning           
 messages.                                                               

 *** SELECTION OF ELEMENT TECHNOLOGIES FOR APPLICABLE ELEMENTS ***
      --- GIVE SUGGESTIONS AND RESET THE KEY OPTIONS ---

 ELEMENT TYPE         1 IS SOLID187. IT IS NOT ASSOCIATED WITH FULLY INCOMPRESSIBLE
 HYPERELASTIC MATERIALS. NO SUGGESTION IS AVAILABLE AND NO RESETTING IS NEEDED.

 ELEMENT TYPE         2 IS SOLID187. IT IS NOT ASSOCIATED WITH FULLY INCOMPRESSIBLE
 HYPERELASTIC MATERIALS. NO SUGGESTION IS AVAILABLE AND NO RESETTING IS NEEDED.

 ELEMENT TYPE         3 IS SOLID187. IT IS NOT ASSOCIATED WITH FULLY INCOMPRESSIBLE
 HYPERELASTIC MATERIALS. NO SUGGESTION IS AVAILABLE AND NO RESETTING IS NEEDED.



 *** ANSYS - ENGINEERING ANALYSIS SYSTEM  RELEASE 2021 R2          21.2     ***
 DISTRIBUTED Ansys Mechanical Enterprise Academic Student      

 00000000  VERSION=WINDOWS x64   15:55:07  NOV 13, 2021 CP=      0.562

 Project 2--Static Structural (B5)                                             



                       S O L U T I O N   O P T I O N S

   PROBLEM DIMENSIONALITY. . . . . . . . . . . . .3-D                  
   DEGREES OF FREEDOM. . . . . . UX   UY   UZ   ROTX ROTY ROTZ
   ANALYSIS TYPE . . . . . . . . . . . . . . . . .STATIC (STEADY-STATE)
   OFFSET TEMPERATURE FROM ABSOLUTE ZERO . . . . .  273.15    
   EQUATION SOLVER OPTION. . . . . . . . . . . . .SPARSE             
   NEWTON-RAPHSON OPTION . . . . . . . . . . . . .PROGRAM CHOSEN   
   GLOBALLY ASSEMBLED MATRIX . . . . . . . . . . .SYMMETRIC  

 *** WARNING ***                         CP =       0.562   TIME= 15:55:07
 Material number 14 (used by element 7320) should normally have at least 
 one MP or one TB type command associated with it.  Output of energy by  
 material may not be available.                                          

 *** NOTE ***                            CP =       0.562   TIME= 15:55:07
 The step data was checked and warning messages were found.              
  Please review output or errors file (                                  
 C:\Users\CJ\PycharmProjects\DesignOptimization2021Fall\Project\Project  
 2 Ansys\_ProjectScratch\ScrDF50\file0.err ) for these warning           
 messages.                                                               

 *** NOTE ***                            CP =       0.562   TIME= 15:55:07
 This nonlinear analysis defaults to using the full Newton-Raphson       
 solution procedure.  This can be modified using the NROPT command.      

 *** NOTE ***                            CP =       0.562   TIME= 15:55:07
 Internal nodes from 6406 to 6409 are created.                           
 1 internal nodes are used for handling degrees of freedom on pilot      
 nodes of rigid target surfaces.                                         
 3 internal nodes are used for non-contact elements with mixed           
 formulation.                                                            

 *** NOTE ***                            CP =       0.625   TIME= 15:55:07
 Internal nodes from 6406 to 6409 are created.                           
 1 internal nodes are used for handling degrees of freedom on pilot      
 nodes of rigid target surfaces.                                         
 3 internal nodes are used for non-contact elements with mixed           
 formulation.                                                            

 *** NOTE ***                            CP =       0.688   TIME= 15:55:07
 Symmetric Deformable- deformable contact pair identified by real        
 constant set 4 and contact element type 4 has been set up.  The         
 companion pair has real constant set ID 5.  Both pairs should have the  
 same behavior.                                                          
 ANSYS will deactivate the current pair and keep its companion pair,     
 resulting in asymmetric contact.                                        
 Small sliding logic is assumed
 Contact algorithm: Augmented Lagrange method
 Contact detection at: Gauss integration point
 Contact stiffness factor FKN                  1.0000    
 The resulting initial contact stiffness      0.20770E+06
 Default penetration tolerance factor FTOLN   0.10000    
 The resulting penetration tolerance           1.0592    
 Default opening contact stiffness OPSF will be used.
 Default tangent stiffness factor FKT          1.0000    
 Default elastic slip factor SLTOL            0.50000E-02
 The resulting elastic slip tolerance         0.62551E-01
 Update contact stiffness at each iteration
 Default Max. friction stress TAUMAX          0.10000E+21
 Average contact surface length                12.510    
 Average contact pair depth                    10.592    
 Default pinball region factor PINB           0.25000    
 The resulting pinball region                  2.6480    
 Initial penetration/gap is excluded.
 Bonded contact (always) is defined.

 *** NOTE ***                            CP =       0.688   TIME= 15:55:07
 Max.  Initial penetration 3.552713679E-15 was detected between contact  
 element 7430 and target element 7521.                                   
 ****************************************
  

 *** NOTE ***                            CP =       0.688   TIME= 15:55:07
 Symmetric Deformable- deformable contact pair identified by real        
 constant set 5 and contact element type 4 has been set up.  The         
 companion pair has real constant set ID 4.  Both pairs should have the  
 same behavior.                                                          
 ANSYS will keep the current pair and deactivate its companion pair,     
 resulting in asymmetric contact.                                        
 Small sliding logic is assumed
 Contact algorithm: Augmented Lagrange method
 Contact detection at: Gauss integration point
 Contact stiffness factor FKN                  1.0000    
 The resulting initial contact stiffness      0.20770E+06
 Default penetration tolerance factor FTOLN   0.10000    
 The resulting penetration tolerance          0.56926    
 Default opening contact stiffness OPSF will be used.
 Default tangent stiffness factor FKT          1.0000    
 Default elastic slip factor SLTOL            0.50000E-02
 The resulting elastic slip tolerance         0.94877E-01
 Update contact stiffness at each iteration
 Default Max. friction stress TAUMAX          0.10000E+21
 Average contact surface length                18.975    
 Average contact pair depth                    5.6926    
 Default pinball region factor PINB           0.25000    
 The resulting pinball region                  1.4232    
 Initial penetration/gap is excluded.
 Bonded contact (always) is defined.

 *** NOTE ***                            CP =       0.688   TIME= 15:55:07
 Max.  Initial penetration 5.329070518E-15 was detected between contact  
 element 7502 and target element 7341.                                   
 ****************************************
  

 *** NOTE ***                            CP =       0.688   TIME= 15:55:07
 Symmetric Deformable- deformable contact pair identified by real        
 constant set 6 and contact element type 6 has been set up.  The         
 companion pair has real constant set ID 7.  Both pairs should have the  
 same behavior.                                                          
 ANSYS will deactivate the current pair and keep its companion pair,     
 resulting in asymmetric contact.                                        
 Small sliding logic is assumed
 Contact algorithm: Augmented Lagrange method
 Contact detection at: Gauss integration point
 Contact stiffness factor FKN                  1.0000    
 The resulting initial contact stiffness      0.21662E+06
 Default penetration tolerance factor FTOLN   0.10000    
 The resulting penetration tolerance           1.0156    
 Default opening contact stiffness OPSF will be used.
 Default tangent stiffness factor FKT          1.0000    
 Default elastic slip factor SLTOL            0.50000E-02
 The resulting elastic slip tolerance         0.64572E-01
 Update contact stiffness at each iteration
 Default Max. friction stress TAUMAX          0.10000E+21
 Average contact surface length                12.914    
 Average contact pair depth                    10.156    
 Default pinball region factor PINB           0.25000    
 The resulting pinball region                  2.5390    
 Initial penetration/gap is excluded.
 Bonded contact (always) is defined.

 *** NOTE ***                            CP =       0.688   TIME= 15:55:07
 Max.  Initial penetration 1.421085472E-14 was detected between contact  
 element 7675 and target element 7733.                                   
 ****************************************
  

 *** NOTE ***                            CP =       0.688   TIME= 15:55:07
 Symmetric Deformable- deformable contact pair identified by real        
 constant set 7 and contact element type 6 has been set up.  The         
 companion pair has real constant set ID 6.  Both pairs should have the  
 same behavior.                                                          
 ANSYS will keep the current pair and deactivate its companion pair,     
 resulting in asymmetric contact.                                        
 Small sliding logic is assumed
 Contact algorithm: Augmented Lagrange method
 Contact detection at: Gauss integration point
 Contact stiffness factor FKN                  1.0000    
 The resulting initial contact stiffness      0.21662E+06
 Default penetration tolerance factor FTOLN   0.10000    
 The resulting penetration tolerance          0.56926    
 Default opening contact stiffness OPSF will be used.
 Default tangent stiffness factor FKT          1.0000    
 Default elastic slip factor SLTOL            0.50000E-02
 The resulting elastic slip tolerance         0.94877E-01
 Update contact stiffness at each iteration
 Default Max. friction stress TAUMAX          0.10000E+21
 Average contact surface length                18.975    
 Average contact pair depth                    5.6926    
 Default pinball region factor PINB           0.25000    
 The resulting pinball region                  1.4232    
 Initial penetration/gap is excluded.
 Bonded contact (always) is defined.

 *** NOTE ***                            CP =       0.688   TIME= 15:55:07
 Max.  Initial penetration 1.421085472E-14 was detected between contact  
 element 7705 and target element 7603.                                   
 ****************************************
  

 *** NOTE ***                            CP =       0.688   TIME= 15:55:07
 Symmetric Deformable- deformable contact pair identified by real        
 constant set 8 and contact element type 8 has been set up.  The         
 companion pair has real constant set ID 9.  Both pairs should have the  
 same behavior.                                                          
 ANSYS will keep the current pair and deactivate its companion pair,     
 resulting in asymmetric contact.                                        
 Small sliding logic is assumed
 Contact algorithm: Augmented Lagrange method
 Contact detection at: Gauss integration point
 Contact stiffness factor FKN                  1.0000    
 The resulting initial contact stiffness      0.22059E+06
 Default penetration tolerance factor FTOLN   0.10000    
 The resulting penetration tolerance          0.99733    
 Max. initial friction coefficient MU         0.22000    
 Default tangent stiffness factor FKT          1.0000    
 Default elastic slip factor SLTOL            0.10000E-01
 The resulting elastic slip tolerance         0.15949    
 Update contact stiffness at each iteration
 Default Max. friction stress TAUMAX          0.10000E+21
 Average contact surface length                15.949    
 Average contact pair depth                    9.9733    
 Default pinball region factor PINB            1.0000    
 The resulting pinball region                  9.9733    
 *WARNING*: Initial penetration is included.

 *** NOTE ***                            CP =       0.688   TIME= 15:55:07
 Max.  Initial penetration 3.552713679E-15 was detected between contact  
 element 7798 and target element 7855.                                   
 ****************************************
  

 *** NOTE ***                            CP =       0.688   TIME= 15:55:07
 Symmetric Deformable- deformable contact pair identified by real        
 constant set 9 and contact element type 8 has been set up.  The         
 companion pair has real constant set ID 8.  Both pairs should have the  
 same behavior.                                                          
 ANSYS will deactivate the current pair and keep its companion pair,     
 resulting in asymmetric contact.                                        
 Small sliding logic is assumed
 Contact algorithm: Augmented Lagrange method
 Contact detection at: Gauss integration point
 Contact stiffness factor FKN                  1.0000    
 The resulting initial contact stiffness      0.22059E+06
 Default penetration tolerance factor FTOLN   0.10000    
 The resulting penetration tolerance          0.56926    
 Max. initial friction coefficient MU         0.22000    
 Default tangent stiffness factor FKT          1.0000    
 Default elastic slip factor SLTOL            0.10000E-01
 The resulting elastic slip tolerance         0.18975    
 Update contact stiffness at each iteration
 Default Max. friction stress TAUMAX          0.10000E+21
 Average contact surface length                18.975    
 Average contact pair depth                    5.6926    
 Default pinball region factor PINB            1.0000    
 The resulting pinball region                  5.6926    
 *WARNING*: Initial penetration is included.

 *** NOTE ***                            CP =       0.688   TIME= 15:55:07
 Max.  Initial penetration 5.329070518E-15 was detected between contact  
 element 7836 and target element 7757.                                   
 ****************************************
  

 *** NOTE ***                            CP =       0.688   TIME= 15:55:07
 Symmetric Deformable- deformable contact pair identified by real        
 constant set 10 and contact element type 10 has been set up.  The       
 companion pair has real constant set ID 11.  Both pairs should have     
 the same behavior.                                                      
 ANSYS will keep the current pair and deactivate its companion pair,     
 resulting in asymmetric contact.                                        
 Small sliding logic is assumed
 Contact algorithm: Augmented Lagrange method
 Contact detection at: Gauss integration point
 Contact stiffness factor FKN                  1.0000    
 The resulting initial contact stiffness      0.22169E+06
 Default penetration tolerance factor FTOLN   0.10000    
 The resulting penetration tolerance          0.99240    
 Max. initial friction coefficient MU         0.22000    
 Default tangent stiffness factor FKT          1.0000    
 Default elastic slip factor SLTOL            0.10000E-01
 The resulting elastic slip tolerance         0.15949    
 Update contact stiffness at each iteration
 Default Max. friction stress TAUMAX          0.10000E+21
 Average contact surface length                15.949    
 Average contact pair depth                    9.9240    
 Default pinball region factor PINB            1.0000    
 The resulting pinball region                  9.9240    
 *WARNING*: Initial penetration is included.

 *** NOTE ***                            CP =       0.688   TIME= 15:55:07
 Max.  Initial penetration 1.421085472E-14 was detected between contact  
 element 7915 and target element 7973.                                   
 ****************************************
  

 *** NOTE ***                            CP =       0.688   TIME= 15:55:07
 Symmetric Deformable- deformable contact pair identified by real        
 constant set 11 and contact element type 10 has been set up.  The       
 companion pair has real constant set ID 10.  Both pairs should have     
 the same behavior.                                                      
 ANSYS will deactivate the current pair and keep its companion pair,     
 resulting in asymmetric contact.                                        
 Small sliding logic is assumed
 Contact algorithm: Augmented Lagrange method
 Contact detection at: Gauss integration point
 Contact stiffness factor FKN                  1.0000    
 The resulting initial contact stiffness      0.22169E+06
 Default penetration tolerance factor FTOLN   0.10000    
 The resulting penetration tolerance          0.56926    
 Max. initial friction coefficient MU         0.22000    
 Default tangent stiffness factor FKT          1.0000    
 Default elastic slip factor SLTOL            0.10000E-01
 The resulting elastic slip tolerance         0.18975    
 Update contact stiffness at each iteration
 Default Max. friction stress TAUMAX          0.10000E+21
 Average contact surface length                18.975    
 Average contact pair depth                    5.6926    
 Default pinball region factor PINB            1.0000    
 The resulting pinball region                  5.6926    
 *WARNING*: Initial penetration is included.

 *** NOTE ***                            CP =       0.688   TIME= 15:55:07
 Max.  Initial penetration 1.421085472E-14 was detected between contact  
 element 7945 and target element 7890.                                   
 ****************************************
  

 *** NOTE ***                            CP =       0.688   TIME= 15:55:07
 Rigid-constraint surface identified by real constant set 12 and         
 contact element type 12 has been set up.  The degrees of freedom of     
 the rigid surface are driven by the pilot node 6405 which connects to   
 other element 7320.  Internal MPC will be built.                        
 The used degrees of freedom set is  UX   UY   UZ   ROTX ROTY ROTZ
 ****************************************
  

 *** WARNING ***                         CP =       0.688   TIME= 15:55:07
 Maximum friction coefficient 0.22 is defined in the model.  Switch to   
 the unsymmetric solver (NROP,UNSYM) instead if convergence difficulty   
 is encountered.                                                         
  
  

 *** NOTE ***                            CP =       0.688   TIME= 15:55:07
 Internal nodes from 6406 to 6409 are created.                           
 1 internal nodes are used for handling degrees of freedom on pilot      
 nodes of rigid target surfaces.                                         
 3 internal nodes are used for non-contact elements with mixed           
 formulation.                                                            

  
  
     D I S T R I B U T E D   D O M A I N   D E C O M P O S E R
  
  ...Number of elements: 3971
  ...Number of nodes:    6409
  ...Decompose to 4 CPU domains
  ...Element load balance ratio =     1.029


                      L O A D   S T E P   O P T I O N S

   LOAD STEP NUMBER. . . . . . . . . . . . . . . .     1
   TIME AT END OF THE LOAD STEP. . . . . . . . . .  1.0000    
   AUTOMATIC TIME STEPPING . . . . . . . . . . . .    ON
      INITIAL NUMBER OF SUBSTEPS . . . . . . . . .     5
      MAXIMUM NUMBER OF SUBSTEPS . . . . . . . . .    20
      MINIMUM NUMBER OF SUBSTEPS . . . . . . . . .     1
   MAXIMUM NUMBER OF EQUILIBRIUM ITERATIONS. . . .    15
   STEP CHANGE BOUNDARY CONDITIONS . . . . . . . .    NO
   TERMINATE ANALYSIS IF NOT CONVERGED . . . . . .YES (EXIT)  
   CONVERGENCE CONTROLS. . . . . . . . . . . . . .USE DEFAULTS
   PRINT OUTPUT CONTROLS . . . . . . . . . . . . .NO PRINTOUT
   DATABASE OUTPUT CONTROLS
      ITEM     FREQUENCY   COMPONENT
       ALL       NONE               
      NSOL        ALL               
      RSOL        ALL               
      EANG        ALL               
      ETMP        ALL               
      VENG        ALL               
      STRS        ALL               
      EPEL        ALL               
      EPPL        ALL               
      CONT        ALL               
      MISC        ALL       _ELMISC 


 SOLUTION MONITORING INFO IS WRITTEN TO FILE= file.mntr                                                                                                                                                                                                                                                           

 *** NOTE ***                            CP =       1.000   TIME= 15:55:07
 Symmetric Deformable- deformable contact pair identified by real        
 constant set 8 and contact element type 8 has been set up.  The         
 companion pair has real constant set ID 9.  Both pairs should have the  
 same behavior.                                                          
 ANSYS will keep the current pair and deactivate its companion pair,     
 resulting in asymmetric contact.                                        
 Small sliding logic is assumed
 Contact algorithm: Augmented Lagrange method
 Contact detection at: Gauss integration point
 Contact stiffness factor FKN                  1.0000    
 The resulting initial contact stiffness      0.22059E+06
 Default penetration tolerance factor FTOLN   0.10000    
 The resulting penetration tolerance          0.99733    
 Max. initial friction coefficient MU         0.22000    
 Default tangent stiffness factor FKT          1.0000    
 Default elastic slip factor SLTOL            0.10000E-01
 The resulting elastic slip tolerance         0.15949    
 Update contact stiffness at each iteration
 Default Max. friction stress TAUMAX          0.10000E+21
 Average contact surface length                15.949    
 Average contact pair depth                    9.9733    
 Default pinball region factor PINB            1.0000    
 The resulting pinball region                  9.9733    
 *WARNING*: Initial penetration is included.

 *** NOTE ***                            CP =       1.000   TIME= 15:55:07
 Max.  Initial penetration 3.552713679E-15 was detected between contact  
 element 7798 and target element 7855.                                   
 ****************************************
  

 *** NOTE ***                            CP =       1.000   TIME= 15:55:07
 Symmetric Deformable- deformable contact pair identified by real        
 constant set 9 and contact element type 8 has been set up.  The         
 companion pair has real constant set ID 8.  Both pairs should have the  
 same behavior.                                                          
 ANSYS will deactivate the current pair and keep its companion pair,     
 resulting in asymmetric contact.                                        
 Small sliding logic is assumed
 Contact algorithm: Augmented Lagrange method
 Contact detection at: Gauss integration point
 Contact stiffness factor FKN                  1.0000    
 The resulting initial contact stiffness      0.22059E+06
 Default penetration tolerance factor FTOLN   0.10000    
 The resulting penetration tolerance          0.56926    
 Max. initial friction coefficient MU         0.22000    
 Default tangent stiffness factor FKT          1.0000    
 Default elastic slip factor SLTOL            0.10000E-01
 The resulting elastic slip tolerance         0.18975    
 Update contact stiffness at each iteration
 Default Max. friction stress TAUMAX          0.10000E+21
 Average contact surface length                18.975    
 Average contact pair depth                    5.6926    
 Default pinball region factor PINB            1.0000    
 The resulting pinball region                  5.6926    
 *WARNING*: Initial penetration is included.

 *** NOTE ***                            CP =       1.000   TIME= 15:55:07
 Max.  Initial penetration 5.329070518E-15 was detected between contact  
 element 7836 and target element 7757.                                   
 ****************************************
  
 MAXIMUM NUMBER OF EQUILIBRIUM ITERATIONS HAS BEEN MODIFIED              
  TO BE, NEQIT = 26, BY SOLUTION CONTROL LOGIC.                          


 *** WARNING ***                         CP =       1.344   TIME= 15:55:08
 For element 7320 the element connectivity is 0 and 6405.  The node      
 which is identified as a 0 will be a grounded node.                     
  
 The FEA model contains 0 external CE equations and 234 internal CE      
 equations.                                                              
  
 *************************************************
  SUMMARY FOR CONTACT PAIR IDENTIFIED BY REAL CONSTANT SET           8
 Max.  Penetration of -3.552713679E-15 has been detected between contact 
 element 7798 and target element 7855.                                   
 For total 36 contact elements, there are 36 elements are in contact.    
 There are 36 elements are in sticking.                                  
 Contacting area 3552.10192.                                             
 Max.  Pinball distance 9.97328285.                                      
 One of the contact searching regions contains at least 17 target        
 elements.                                                               
 Max.  Pressure/force 7.641030761E-10.                                   
 Max.  Normal stiffness 53942.1336.                                      
 Min.  Normal stiffness 53942.1336.                                      
 Max.  Tangential stiffness 556.57871.                                   
 Min.  Tangential stiffness 556.57871.                                   
 Contact pair force norm 2.191943353E-06 and criterion 2.191943386E-07.  
 *************************************************
  
 *************************************************
  SUMMARY FOR CONTACT PAIR IDENTIFIED BY REAL CONSTANT SET           9

 *** NOTE ***                            CP =       1.344   TIME= 15:55:08
 Contact pair is inactive.                                               


                         ***********  PRECISE MASS SUMMARY  ***********

   TOTAL RIGID BODY MASS MATRIX ABOUT ORIGIN
               Translational mass               |   Coupled translational/rotational mass
        0.74549E-02    0.0000        0.0000     |     0.0000      -0.20109E-01  -0.16222    
         0.0000       0.74549E-02    0.0000     |    0.20109E-01    0.0000       0.20109E-01
         0.0000        0.0000       0.74549E-02 |    0.16222      -0.20109E-01    0.0000    
     ------------------------------------------ | ------------------------------------------
                                                |         Rotational mass (inertia)
                                                |     40.389      -0.55303        1.3250    
                                                |   -0.55303        69.685       0.55302    
                                                |     1.3250       0.55302        40.389    

   TOTAL MASS = 0.74549E-02
     The mass principal axes coincide with the global Cartesian axes

   CENTER OF MASS (X,Y,Z)=    2.6974        21.760       -2.6974    

   TOTAL INERTIA ABOUT CENTER OF MASS
         36.805      -0.11547        1.2708    
       -0.11547        69.577       0.11547    
         1.2708       0.11547        36.805    

   PRINCIPAL INERTIAS =    35.534        69.577        38.076    
   ORIENTATION VECTORS OF THE INERTIA PRINCIPAL AXES IN GLOBAL CARTESIAN
     ( 0.707, 0.005,-0.707) (-0.003, 1.000, 0.003) ( 0.707, 0.000, 0.707) 


  *** MASS SUMMARY BY ELEMENT TYPE ***

  TYPE      MASS
     1  0.717606E-02
     2  0.139420E-03
     3  0.139420E-03

 Range of element maximum matrix coefficients in global coordinates
 Maximum = 11589851.6 at element 3066.                                   
 Minimum = 424664.649 at element 7497.                                   

   *** ELEMENT MATRIX FORMULATION TIMES
     TYPE    NUMBER   ENAME      TOTAL CP  AVE CP

        1      3026  SOLID187      0.125   0.000041
        2        89  SOLID187      0.016   0.000176
        3        88  SOLID187      0.000   0.000000
        4       108  CONTA174      0.016   0.000145
        5       108  TARGE170      0.000   0.000000
        6       107  CONTA174      0.016   0.000146
        7       107  TARGE170      0.000   0.000000
        8        60  CONTA174      0.016   0.000260
        9        60  TARGE170      0.000   0.000000
       10        60  CONTA174      0.000   0.000000
       11        60  TARGE170      0.000   0.000000
       12        26  CONTA174      0.000   0.000000
       13         1  TARGE170      0.000   0.000000
       14         1  MPC184        0.000   0.000000
       15        35  SURF154       0.000   0.000000
       16        35  SURF154       0.000   0.000000
 Time at end of element matrix formulation CP = 1.34375.                 

 ALL CURRENT ANSYS DATA WRITTEN TO FILE NAME= file.rdb
  FOR POSSIBLE RESUME FROM THIS POINT
     FORCE CONVERGENCE VALUE  =   1458.      CRITERION=   7.437    

 DISTRIBUTED SPARSE MATRIX DIRECT SOLVER.
  Number of equations =       18164,    Maximum wavefront =    528

  Local memory allocated for solver              =     30.249 MB
  Local memory required for in-core solution     =     15.854 MB
  Local memory required for out-of-core solution =      9.628 MB

  Total memory allocated for solver              =    123.044 MB
  Total memory required for in-core solution     =     64.376 MB
  Total memory required for out-of-core solution =     36.462 MB

 *** NOTE ***                            CP =       1.500   TIME= 15:55:08
 The Distributed Sparse Matrix Solver is currently running in the        
 in-core memory mode.  This memory mode uses the most amount of memory   
 in order to avoid using the hard drive as much as possible, which most  
 often results in the fastest solution time.  This mode is recommended   
 if enough physical memory is present to accommodate all of the solver   
 data.                                                                   

 *** WARNING ***                         CP =       1.500   TIME= 15:55:08
 Pivoting has been activated for the Distributed Sparse Matrix Solver .  
 The memory required may greatly exceed the predicted amount.  In that   
 event, use the DSPOPTION command to change the memory mode and/or       
 memory size used by the Distributed Sparse Matrix Solver.               
 curEqn=   4566  totEqn=   4566 Job CP sec=      1.547
      Factor Done= 100% Factor Wall sec=      0.037 rate=    6791.7 Mflops
 Distributed sparse solver maximum pivot= 26138983.6 at node 6395 UY.    
 Distributed sparse solver minimum pivot= 21812.645 at node 674 UY.      
 Distributed sparse solver minimum pivot in absolute value= 21812.645 at 
 node 674 UY.                                                            
     DISP CONVERGENCE VALUE   =  0.5818E-03  CRITERION=  0.2968E-04
    EQUIL ITER   1 COMPLETED.  NEW TRIANG MATRIX.  MAX DOF INC= -0.5818E-03
     DISP CONVERGENCE VALUE   =  0.5818E-03  CRITERION=  0.6334E-04
     LINE SEARCH PARAMETER =   1.000     SCALED MAX DOF INC = -0.5818E-03
     FORCE CONVERGENCE VALUE  =   1959.      CRITERION=   7.790    
    EQUIL ITER   2 COMPLETED.  NEW TRIANG MATRIX.  MAX DOF INC=  0.3348E-03
     DISP CONVERGENCE VALUE   =  0.3348E-03  CRITERION=  0.6463E-04
     LINE SEARCH PARAMETER =   1.000     SCALED MAX DOF INC =  0.3348E-03
     FORCE CONVERGENCE VALUE  =  0.1876E-07  CRITERION=   7.864     <<< CONVERGED
    EQUIL ITER   3 COMPLETED.  NEW TRIANG MATRIX.  MAX DOF INC=  0.4949E-14
     DISP CONVERGENCE VALUE   =  0.4949E-14  CRITERION=  0.6595E-04 <<< CONVERGED
     LINE SEARCH PARAMETER =   1.000     SCALED MAX DOF INC =  0.4949E-14
    >>> SOLUTION CONVERGED AFTER EQUILIBRIUM ITERATION   3

   *** ELEMENT RESULT CALCULATION TIMES
     TYPE    NUMBER   ENAME      TOTAL CP  AVE CP

        1      3026  SOLID187      0.109   0.000036
        2        89  SOLID187      0.000   0.000000
        3        88  SOLID187      0.000   0.000000
        4       108  CONTA174      0.000   0.000000
        6       107  CONTA174      0.000   0.000000
        8        60  CONTA174      0.000   0.000000
       10        60  CONTA174      0.000   0.000000
       12        26  CONTA174      0.000   0.000000
       14         1  MPC184        0.000   0.000000
       15        35  SURF154       0.000   0.000000
       16        35  SURF154       0.000   0.000000

   *** NODAL LOAD CALCULATION TIMES
     TYPE    NUMBER   ENAME      TOTAL CP  AVE CP

        1      3026  SOLID187      0.016   0.000005
        2        89  SOLID187      0.000   0.000000
        3        88  SOLID187      0.000   0.000000
        4       108  CONTA174      0.000   0.000000
        6       107  CONTA174      0.000   0.000000
        8        60  CONTA174      0.000   0.000000
       10        60  CONTA174      0.000   0.000000
       12        26  CONTA174      0.000   0.000000
       14         1  MPC184        0.000   0.000000
       15        35  SURF154       0.000   0.000000
       16        35  SURF154       0.000   0.000000
 *** LOAD STEP     1   SUBSTEP     1  COMPLETED.    CUM ITER =      3
 *** TIME =  0.200000         TIME INC =  0.200000    
 *** AUTO STEP TIME:  NEXT TIME INC = 0.20000      UNCHANGED

     FORCE CONVERGENCE VALUE  =   91.02      CRITERION=   15.13    
     DISP CONVERGENCE VALUE   =  0.8033E-03  CRITERION=  0.7641E-04
    EQUIL ITER   1 COMPLETED.  NEW TRIANG MATRIX.  MAX DOF INC= -0.8033E-03
     DISP CONVERGENCE VALUE   =  0.8033E-03  CRITERION=  0.7796E-04
     LINE SEARCH PARAMETER =   1.000     SCALED MAX DOF INC = -0.8033E-03
     FORCE CONVERGENCE VALUE  =  0.1546E-07  CRITERION=   15.44     <<< CONVERGED
    EQUIL ITER   2 COMPLETED.  NEW TRIANG MATRIX.  MAX DOF INC= -0.3180E-14
     DISP CONVERGENCE VALUE   =  0.3180E-14  CRITERION=  0.7956E-04 <<< CONVERGED
     LINE SEARCH PARAMETER =   1.000     SCALED MAX DOF INC = -0.3180E-14
     FORCE CONVERGENCE VALUE  =  0.1737E-07  CRITERION=   15.76     <<< CONVERGED
    >>> SOLUTION CONVERGED AFTER EQUILIBRIUM ITERATION   2
 *** LOAD STEP     1   SUBSTEP     2  COMPLETED.    CUM ITER =      5
 *** TIME =  0.400000         TIME INC =  0.200000    
 *** AUTO TIME STEP:  NEXT TIME INC = 0.30000      INCREASED (FACTOR = 1.5000)

     FORCE CONVERGENCE VALUE  =   170.7      CRITERION=   26.59    
     DISP CONVERGENCE VALUE   =  0.1506E-02  CRITERION=  0.1914E-03
    EQUIL ITER   1 COMPLETED.  NEW TRIANG MATRIX.  MAX DOF INC= -0.1506E-02
     DISP CONVERGENCE VALUE   =  0.1506E-02  CRITERION=  0.1954E-03
     LINE SEARCH PARAMETER =   1.000     SCALED MAX DOF INC = -0.1506E-02
     FORCE CONVERGENCE VALUE  =  0.2037E-07  CRITERION=   27.14     <<< CONVERGED
    EQUIL ITER   2 COMPLETED.  NEW TRIANG MATRIX.  MAX DOF INC= -0.5162E-14
     DISP CONVERGENCE VALUE   =  0.5162E-14  CRITERION=  0.1993E-03 <<< CONVERGED
     LINE SEARCH PARAMETER =   1.000     SCALED MAX DOF INC = -0.5162E-14
     FORCE CONVERGENCE VALUE  =  0.1705E-07  CRITERION=   27.70     <<< CONVERGED
    >>> SOLUTION CONVERGED AFTER EQUILIBRIUM ITERATION   2
 *** LOAD STEP     1   SUBSTEP     3  COMPLETED.    CUM ITER =      7
 *** TIME =  0.700000         TIME INC =  0.300000    
 *** AUTO STEP TIME:  NEXT TIME INC = 0.30000      UNCHANGED

     FORCE CONVERGENCE VALUE  =   204.8      CRITERION=   38.24    
     DISP CONVERGENCE VALUE   =  0.1807E-02  CRITERION=  0.2837E-03
    EQUIL ITER   1 COMPLETED.  NEW TRIANG MATRIX.  MAX DOF INC= -0.1807E-02
     DISP CONVERGENCE VALUE   =  0.1807E-02  CRITERION=  0.2894E-03
     LINE SEARCH PARAMETER =   1.000     SCALED MAX DOF INC = -0.1807E-02
     FORCE CONVERGENCE VALUE  =  0.1694E-07  CRITERION=   39.04     <<< CONVERGED
    EQUIL ITER   2 COMPLETED.  NEW TRIANG MATRIX.  MAX DOF INC= -0.4039E-14
     DISP CONVERGENCE VALUE   =  0.4039E-14  CRITERION=  0.2954E-03 <<< CONVERGED
     LINE SEARCH PARAMETER =   1.000     SCALED MAX DOF INC = -0.4039E-14
     FORCE CONVERGENCE VALUE  =  0.1400E-07  CRITERION=   39.83     <<< CONVERGED
    >>> SOLUTION CONVERGED AFTER EQUILIBRIUM ITERATION   2
 *** LOAD STEP     1   SUBSTEP     4  COMPLETED.    CUM ITER =      9
 *** TIME =   1.00000         TIME INC =  0.300000    


 *** ANSYS BINARY FILE STATISTICS
  BUFFER SIZE USED= 16384
        0.125 MB WRITTEN ON ELEMENT MATRIX FILE: file0.emat
        3.438 MB WRITTEN ON ELEMENT SAVED DATA FILE: file0.esav
        2.688 MB WRITTEN ON ASSEMBLED MATRIX FILE: file0.full
        2.062 MB WRITTEN ON RESULTS FILE: file0.rst
 *************** Write FE CONNECTORS *********

 WRITE OUT CONSTRAINT EQUATIONS TO FILE= file.ce                                                                                                                                                                                                                                                             
 ****************************************************
 *************** FINISHED SOLVE FOR LS 1 *************

 *GET  _WALLASOL  FROM  ACTI  ITEM=TIME WALL  VALUE=  15.9194444    

 PRINTOUT RESUMED BY /GOP

 FINISH SOLUTION PROCESSING


 ***** ROUTINE COMPLETED *****  CP =         3.453



 *** ANSYS - ENGINEERING ANALYSIS SYSTEM  RELEASE 2021 R2          21.2     ***
 DISTRIBUTED Ansys Mechanical Enterprise Academic Student      

 00000000  VERSION=WINDOWS x64   15:55:10  NOV 13, 2021 CP=      3.453

 Project 2--Static Structural (B5)                                             



          ***** ANSYS RESULTS INTERPRETATION (POST1) *****

 *** NOTE ***                            CP =       3.453   TIME= 15:55:10
 Reading results into the database (SET command) will update the current 
 displacement and force boundary conditions in the database with the     
 values from the results file for that load set.  Note that any          
 subsequent solutions will use these values unless action is taken to    
 either SAVE the current values or not overwrite them (/EXIT,NOSAVE).    

 Set Encoding of XML File to:ISO-8859-1

 Set Output of XML File to:
     PARM,     ,     ,     ,     ,     ,     ,     ,     ,     ,     ,     ,
         ,     ,     ,     ,     ,     ,     ,

 DATABASE WRITTEN ON FILE  parm.xml                                                                                                                                                                                                                                                            

 EXIT THE ANSYS POST1 DATABASE PROCESSOR


 ***** ROUTINE COMPLETED *****  CP =         3.453



 PRINTOUT RESUMED BY /GOP

 *GET  _WALLDONE  FROM  ACTI  ITEM=TIME WALL  VALUE=  15.9194444    

 PARAMETER _PREPTIME =     0.000000000    

 PARAMETER _SOLVTIME =     3.000000000    

 PARAMETER _POSTTIME =     0.000000000    

 PARAMETER _TOTALTIM =     3.000000000    

 *GET  _DLBRATIO  FROM  ACTI  ITEM=SOLU DLBR  VALUE=  1.02944384    

 *GET  _COMBTIME  FROM  ACTI  ITEM=SOLU COMB  VALUE= 0.281600000E-01

 *GET  _SSMODE   FROM  ACTI  ITEM=SOLU SSMM  VALUE=  2.00000000    

 *GET  _NDOFS    FROM  ACTI  ITEM=SOLU NDOF  VALUE=  18164.0000    
 --- Total number of nodes = 6405
 --- Total number of elements = 3971
 --- Element load balance ratio = 1.02944384
 --- Time to combine distributed files = 2.816E-02
 --- Sparse memory mode = 2
 --- Number of DOF = 18164

 EXIT ANSYS WITHOUT SAVING DATABASE


 NUMBER OF WARNING MESSAGES ENCOUNTERED=          6
 NUMBER OF ERROR   MESSAGES ENCOUNTERED=          0

+--------- D I S T R I B U T E D   A N S Y S   S T A T I S T I C S ------------+

Release: 2021 R2            Build: 21.2       Update: UP20210601   Platform: WINDOWS x64 
Date Run: 11/13/2021   Time: 15:55     Process ID: 6360
Operating System: Windows 10  (Build: 19042)

Processor Model: Intel(R) Core(TM) i7-8700K CPU @ 3.70GHz

Compiler: Intel(R) FORTRAN Compiler Version 19.0.0  (Build: 20190206)
          Intel(R) C/C++ Compiler Version 19.0.0  (Build: 20190206)
          Intel(R) Math Kernel Library Version 2020.0.0 Product Build 20191125
          BLAS Library supplied by Intel(R) MKL

Number of machines requested            :    1
Total number of cores available         :   12
Number of physical cores available      :    6
Number of processes requested           :    4
Number of threads per process requested :    1
Total number of cores requested         :    4 (Distributed Memory Parallel)               
MPI Type: INTELMPI
MPI Version: Intel(R) MPI Library 2019 Update 9 for Windows* OS


GPU Acceleration: Not Requested

Job Name: file0
Input File: dummy.dat

  Core                Machine Name   Working Directory
 -----------------------------------------------------
     0             DESKTOP-MEC6BLA   C:\Users\CJ\PycharmProjects\DesignOptimization2021Fall\Project\Project 2 Ansys\_ProjectScratch\ScrDF50
     1             DESKTOP-MEC6BLA   C:\Users\CJ\PycharmProjects\DesignOptimization2021Fall\Project\Project 2 Ansys\_ProjectScratch\ScrDF50
     2             DESKTOP-MEC6BLA   C:\Users\CJ\PycharmProjects\DesignOptimization2021Fall\Project\Project 2 Ansys\_ProjectScratch\ScrDF50
     3             DESKTOP-MEC6BLA   C:\Users\CJ\PycharmProjects\DesignOptimization2021Fall\Project\Project 2 Ansys\_ProjectScratch\ScrDF50
 
Latency time from master to core     1 =    3.609 microseconds
Latency time from master to core     2 =    3.607 microseconds
Latency time from master to core     3 =    3.876 microseconds
 
Communication speed from master to core     1 =  6727.44 MB/sec
Communication speed from master to core     2 =  8629.15 MB/sec
Communication speed from master to core     3 =  8558.44 MB/sec

Total CPU time for main thread                    :        3.0 seconds
Total CPU time summed for all threads             :        3.6 seconds

Elapsed time spent obtaining a license            :        0.3 seconds
Elapsed time spent pre-processing model (/PREP7)  :        0.0 seconds
Elapsed time spent solution - preprocessing       :        0.1 seconds
Elapsed time spent computing solution             :        2.2 seconds
Elapsed time spent solution - postprocessing      :        0.0 seconds
Elapsed time spent post-processing model (/POST1) :        0.0 seconds
 
Equation solver used                              :            Sparse (symmetric)
Equation solver computational rate                :       48.5 Gflops

Maximum total memory used                         :      561.0 MB
Maximum total memory allocated                    :     5184.0 MB
Total physical memory available                   :         16 GB

Total amount of I/O written to disk               :        0.3 GB
Total amount of I/O read from disk                :        0.6 GB

+------ E N D   D I S T R I B U T E D   A N S Y S   S T A T I S T I C S -------+


 *---------------------------------------------------------------------------*
 |                                                                           |
 |                       DISTRIBUTED ANSYS RUN COMPLETED                     |
 |                                                                           |
 |---------------------------------------------------------------------------|
 |                                                                           |
 | Ansys 2021 R2               Build 21.2         UP20210601     WINDOWS x64 |
 |                                                                           |
 |---------------------------------------------------------------------------|
 |                                                                           |
 | Database Requested(-db)  1024 MB    Scratch Memory Requested      1024 MB |
 | Maximum Database Used       6 MB    Maximum Scratch Memory Used    138 MB |
 |                                                                           |
 |---------------------------------------------------------------------------|
 |                                                                           |
 |        CP Time      (sec) =          3.641       Time  =  15:55:10        |
 |        Elapsed Time (sec) =          8.000       Date  =  11/13/2021      |
 |                                                                           |
 *---------------------------------------------------------------------------*
