__________________________________________________________________________________________________________________________________
                                                          P4                                                                      
__________________________________________________________________________________________________________________________________
Generation 12

Rank = 1 ,  Ensemble Genome , 2 Members :
 member 0, weight = 0.6638,  Kriging, Kernel Type = Matern 5/2, Kernel Variation Type = Anisotropic, Regression Type = Linear
 member 1, weight = 0.3362, Polynomial Regression, Polynomial Type = Full Quadratic, Output Transformation Type = Yeo-Johnson, Confidence Level = 0.05
 GOFs: RMSE = 4.35346, PRESS_RMSE = 15.9389, PRESS_R2 = 0.993288, PRESS_RMAE = 0.198794, PRESS_RAAE = 0.0564189



__________________________________________________________________________________________________________________________________
                                                          P5                                                                      
__________________________________________________________________________________________________________________________________
Generation 12

Rank = 1 , Kriging
 member 0, weight = 1, Kriging, Kernel Type = Thin Plate Spline, Kernel Variation Type = Anisotropic, Regression Type = Linear
 GOFs: RMSE = 2.42317e-07, PRESS_RMSE = 1.77015, PRESS_R2 = 0.749311, PRESS_RMAE = 1.21046, PRESS_RAAE = 0.399454



__________________________________________________________________________________________________________________________________
                                                          P6                                                                      
__________________________________________________________________________________________________________________________________
Generation 12

Rank = 1 , Polynomial Regression
 member 0, weight = 1,Polynomial Regression, Polynomial Type = Pure Quadratic, Output Transformation Type = Box-Cox, Confidence Level = 0.05
 GOFs: RMSE = 1.06679, PRESS_RMSE = 1.34124, PRESS_R2 = 0.996877, PRESS_RMAE = 0.135253, PRESS_RAAE = 0.0421434



__________________________________________________________________________________________________________________________________
                                                          P7                                                                      
__________________________________________________________________________________________________________________________________
Generation 12

Rank = 1 , Kriging
 member 0, weight = 1, Kriging, Kernel Type = Gaussian, Kernel Variation Type = Isotropic, Regression Type = Full Quadratic
 GOFs: RMSE = 3.83656, PRESS_RMSE = 109.738, PRESS_R2 = 1, PRESS_RMAE = 0.00124303, PRESS_RAAE = 0.000242954



